min_max_report
Startpoint: _233_ (rising edge-triggered flip-flop)
Endpoint: product[6] (output port clocked by clk)
Path Group: clk
Path Type: min

Fanout     Cap    Slew   Delay    Time   Description
-----------------------------------------------------------------------------
                  0.07    0.00    0.00 ^ _233_/CLK (sky130_fd_sc_hd__dfrtp_2)
                  0.12    0.29    0.29 ^ _233_/Q (sky130_fd_sc_hd__dfrtp_2)
     3    0.02                           product[6] (net)
                  0.12    0.00    0.29 ^ product[6] (out)
                                  0.29   data arrival time

                  0.00    0.00    0.00   clock clk (rise edge)
                          0.00    0.00   clock network delay (ideal)
                          0.00    0.00   clock reconvergence pessimism
                         -2.00   -2.00   output external delay
                                 -2.00   data required time
-----------------------------------------------------------------------------
                                 -2.00   data required time
                                 -0.29   data arrival time
-----------------------------------------------------------------------------
                                  2.29   slack (MET)


Startpoint: reset (input port clocked by clk)
Endpoint: Ready (output port clocked by clk)
Path Group: clk
Path Type: max

Fanout     Cap    Slew   Delay    Time   Description
-----------------------------------------------------------------------------
                  0.00    0.00    0.00   clock clk (rise edge)
                          0.00    0.00   clock network delay (ideal)
                          2.00    2.00 v input external delay
                  0.03    0.02    2.02 v reset (in)
     2    0.02                           reset (net)
                  0.03    0.00    2.02 v _187_/A (sky130_fd_sc_hd__nor2_2)
                  0.48    0.43    2.45 ^ _187_/Y (sky130_fd_sc_hd__nor2_2)
     1    0.02                           Ready (net)
                  0.48    0.00    2.45 ^ Ready (out)
                                  2.45   data arrival time

                  0.00   10.00   10.00   clock clk (rise edge)
                          0.00   10.00   clock network delay (ideal)
                          0.00   10.00   clock reconvergence pessimism
                         -2.00    8.00   output external delay
                                  8.00   data required time
-----------------------------------------------------------------------------
                                  8.00   data required time
                                 -2.45   data arrival time
-----------------------------------------------------------------------------
                                  5.55   slack (MET)


