0-prep 0h0m3s248ms
1-yosys 0h0m1s261ms
2-opensta 0h0m2s781ms
3-verilog2def_openroad 0h0m1s849ms
4-ioPlacer 0h0m1s485ms
5-tapcell 0h0m1s501ms
6-pdn 0h0m1s839ms
7-replace 0h0m3s142ms
7-resizer 0h0m2s88ms
8-write_verilog 0h0m1s490ms
9-opensta_post_resizer 0h0m2s758ms
10-opendp 0h0m1s523ms
11-cts 0h1m28s238ms
12-write_verilog 0h0m1s527ms
12-resizer_timing 0h0m1s925ms
13-write_verilog 0h0m1s500ms
14-resizer_timing 0h0m1s909ms
14-opensta_post_resizer_timing 0h0m2s690ms
15-write_verilog 0h0m1s481ms
16-opensta_post_resizer_routing_timing 0h0m2s684ms
17-opendp 0h0m1s502ms
18-fastroute 0h0m3s132ms
19-addspacers 0h0m1s495ms
20-write_verilog 0h0m1s392ms
21-tritonRoute 0h0m13s578ms
22-spef_extraction 0h0m1s956ms
23-opensta_spef 0h0m2s846ms
25-write_verilog 0h0m1s529ms
29-magic_gen 0h0m3s834ms
30-klayout 0h0m5s231ms
32-klayout_xor 0h0m11s234ms
33-magic_ext_spice 0h0m1s602ms
34-lvs 0h0m0s404ms
35-magic_drc 0h0m9s599ms
37-or_antenna 0h0m1s635ms
38-cvc 0h0m0s444ms