0-prep 0h0m3s228ms
1-yosys 0h0m1s290ms
2-opensta 0h0m2s760ms
3-verilog2def_openroad 0h0m1s890ms
4-ioPlacer 0h0m1s548ms
5-tapcell 0h0m1s499ms
6-pdn 0h0m1s928ms
7-replace 0h0m3s244ms
7-resizer 0h0m2s129ms
8-write_verilog 0h0m1s532ms
9-opensta_post_resizer 0h0m2s742ms
10-opendp 0h0m1s551ms
11-cts 0h1m28s249ms
12-write_verilog 0h0m1s472ms
12-resizer_timing 0h0m1s887ms
13-write_verilog 0h0m1s507ms
14-resizer_timing 0h0m1s912ms
14-opensta_post_resizer_timing 0h0m2s742ms
15-write_verilog 0h0m1s519ms
16-opensta_post_resizer_routing_timing 0h0m2s732ms
17-opendp 0h0m1s535ms
18-fastroute 0h0m3s274ms
19-addspacers 0h0m1s552ms
20-write_verilog 0h0m1s519ms
21-tritonRoute 0h0m13s444ms
22-spef_extraction 0h0m1s890ms
23-opensta_spef 0h0m2s765ms
25-write_verilog 0h0m1s508ms
29-magic_gen 0h0m2s540ms
30-klayout 0h0m1s322ms
32-klayout_xor 0h0m10s933ms
33-magic_ext_spice 0h0m1s617ms
34-lvs 0h0m0s269ms
35-magic_drc 0h0m9s573ms
37-or_antenna 0h0m1s531ms
38-cvc 0h0m0s205ms