min_max_report
Startpoint: _234_ (rising edge-triggered flip-flop)
Endpoint: product[7] (output port clocked by clk)
Path Group: clk
Path Type: min

Fanout     Cap    Slew   Delay    Time   Description
-----------------------------------------------------------------------------
                  0.04    0.00    0.00 ^ _234_/CLK (sky130_fd_sc_hd__dfrtp_2)
                  0.09    0.26    0.26 ^ _234_/Q (sky130_fd_sc_hd__dfrtp_2)
     3    0.02                           product[7] (net)
                  0.09    0.00    0.26 ^ product[7] (out)
                                  0.26   data arrival time

                  0.00    0.00    0.00   clock clk (rise edge)
                          0.00    0.00   clock network delay (ideal)
                          0.00    0.00   clock reconvergence pessimism
                         -2.00   -2.00   output external delay
                                 -2.00   data required time
-----------------------------------------------------------------------------
                                 -2.00   data required time
                                 -0.26   data arrival time
-----------------------------------------------------------------------------
                                  2.26   slack (MET)


Startpoint: reset (input port clocked by clk)
Endpoint: Ready (output port clocked by clk)
Path Group: clk
Path Type: max

Fanout     Cap    Slew   Delay    Time   Description
-----------------------------------------------------------------------------
                  0.00    0.00    0.00   clock clk (rise edge)
                          0.00    0.00   clock network delay (ideal)
                          2.00    2.00 v input external delay
                  0.02    0.01    2.01 v reset (in)
     2    0.01                           reset (net)
                  0.02    0.00    2.01 v _187_/A (sky130_fd_sc_hd__nor2_2)
                  0.35    0.32    2.32 ^ _187_/Y (sky130_fd_sc_hd__nor2_2)
     1    0.02                           Ready (net)
                  0.35    0.00    2.32 ^ Ready (out)
                                  2.32   data arrival time

                  0.00   10.00   10.00   clock clk (rise edge)
                          0.00   10.00   clock network delay (ideal)
                          0.00   10.00   clock reconvergence pessimism
                         -2.00    8.00   output external delay
                                  8.00   data required time
-----------------------------------------------------------------------------
                                  8.00   data required time
                                 -2.32   data arrival time
-----------------------------------------------------------------------------
                                  5.68   slack (MET)


