min_max_report
Startpoint: _234_ (rising edge-triggered flip-flop)
Endpoint: product[7] (output port clocked by clk)
Path Group: clk
Path Type: min

Fanout     Cap    Slew   Delay    Time   Description
-----------------------------------------------------------------------------
                  0.08    0.00    0.00 ^ _234_/CLK (sky130_fd_sc_hd__dfrtp_2)
                  0.04    0.23    0.23 ^ _234_/Q (sky130_fd_sc_hd__dfrtp_2)
     3    0.01                           net20 (net)
                  0.04    0.00    0.23 ^ output20/A (sky130_fd_sc_hd__clkbuf_2)
                  0.08    0.10    0.33 ^ output20/X (sky130_fd_sc_hd__clkbuf_2)
     1    0.02                           product[7] (net)
                  0.08    0.00    0.33 ^ product[7] (out)
                                  0.33   data arrival time

                  0.00    0.00    0.00   clock clk (rise edge)
                          0.00    0.00   clock network delay (ideal)
                          0.00    0.00   clock reconvergence pessimism
                         -2.00   -2.00   output external delay
                                 -2.00   data required time
-----------------------------------------------------------------------------
                                 -2.00   data required time
                                 -0.33   data arrival time
-----------------------------------------------------------------------------
                                  2.33   slack (MET)


Startpoint: reset (input port clocked by clk)
Endpoint: Ready (output port clocked by clk)
Path Group: clk
Path Type: max

Fanout     Cap    Slew   Delay    Time   Description
-----------------------------------------------------------------------------
                  0.00    0.00    0.00   clock clk (rise edge)
                          0.00    0.00   clock network delay (ideal)
                          2.00    2.00 v input external delay
                  0.01    0.00    2.00 v reset (in)
     1    0.00                           reset (net)
                  0.01    0.00    2.00 v input3/A (sky130_fd_sc_hd__clkbuf_2)
                  0.07    0.17    2.17 v input3/X (sky130_fd_sc_hd__clkbuf_2)
     2    0.01                           net3 (net)
                  0.07    0.00    2.17 v _187_/A (sky130_fd_sc_hd__nor2_1)
                  0.12    0.15    2.33 ^ _187_/Y (sky130_fd_sc_hd__nor2_1)
     1    0.00                           net12 (net)
                  0.12    0.00    2.33 ^ output12/A (sky130_fd_sc_hd__clkbuf_2)
                  0.16    0.28    2.61 ^ output12/X (sky130_fd_sc_hd__clkbuf_2)
     1    0.02                           Ready (net)
                  0.16    0.00    2.61 ^ Ready (out)
                                  2.61   data arrival time

                  0.00   10.00   10.00   clock clk (rise edge)
                          0.00   10.00   clock network delay (ideal)
                          0.00   10.00   clock reconvergence pessimism
                         -2.00    8.00   output external delay
                                  8.00   data required time
-----------------------------------------------------------------------------
                                  8.00   data required time
                                 -2.61   data arrival time
-----------------------------------------------------------------------------
                                  5.39   slack (MET)


