Wed Dec 08 23:27:02 UTC 2021 - Executing "openroad -python /openLANE_flow/scripts/extract_metal_layers.py -t /home/MSUCAP/is.ibrahim/pdk/sky130A/libs.ref/sky130_fd_sc_hd/techlef/sky130_fd_sc_hd.tlef -o /openLANE_flow/designs/Multiplier_STG/runs/08-12_23-27/tmp/met_layers_list.txt"

Wed Dec 08 23:27:03 UTC 2021 - Executing "/openLANE_flow/scripts/mergeLef.py -i /home/MSUCAP/is.ibrahim/pdk/sky130A/libs.ref/sky130_fd_sc_hd/techlef/sky130_fd_sc_hd.tlef {/home/MSUCAP/is.ibrahim/pdk/sky130A/libs.ref/sky130_fd_sc_hd/lef/sky130_ef_sc_hd__decap_12.lef /home/MSUCAP/is.ibrahim/pdk/sky130A/libs.ref/sky130_fd_sc_hd/lef/sky130_ef_sc_hd__fakediode_2.lef /home/MSUCAP/is.ibrahim/pdk/sky130A/libs.ref/sky130_fd_sc_hd/lef/sky130_fd_sc_hd.lef /home/MSUCAP/is.ibrahim/pdk/sky130A/libs.ref/sky130_fd_sc_hd/lef/sky130_ef_sc_hd__fill_8.lef /home/MSUCAP/is.ibrahim/pdk/sky130A/libs.ref/sky130_fd_sc_hd/lef/sky130_ef_sc_hd__fill_12.lef} -o /openLANE_flow/designs/Multiplier_STG/runs/08-12_23-27/tmp/merged_unpadded.lef |& tee >&@stdout"

Wed Dec 08 23:27:03 UTC 2021 - Executing "/openLANE_flow/scripts/libtrim.pl /home/MSUCAP/is.ibrahim/pdk/sky130A/libs.ref/sky130_fd_sc_hd/lib/sky130_fd_sc_hd__tt_025C_1v80.lib /openLANE_flow/designs/Multiplier_STG/runs/08-12_23-27/tmp/trimmed.lib.exclude.list > /openLANE_flow/designs/Multiplier_STG/runs/08-12_23-27/tmp/trimmed.lib"

Wed Dec 08 23:27:03 UTC 2021 - Executing "openroad -python /openLANE_flow/scripts/new_tracks.py -i /home/MSUCAP/is.ibrahim/pdk/sky130A/libs.tech/openlane/sky130_fd_sc_hd/tracks.info -o /openLANE_flow/designs/Multiplier_STG/runs/08-12_23-27/tmp/config.tracks"

Wed Dec 08 23:27:05 UTC 2021 - Executing "echo {openlane 2021.09.09_03.00.48} > /openLANE_flow/designs/Multiplier_STG/runs/08-12_23-27/OPENLANE_VERSION"

Wed Dec 08 23:27:05 UTC 2021 - Executing "sed -E {s/^([[:space:]]+)pg_pin(.*)/\1pin\2\n\1    direction : "inout";/g} /home/MSUCAP/is.ibrahim/pdk/sky130A/libs.ref/sky130_fd_sc_hd/lib/sky130_fd_sc_hd__tt_025C_1v80.lib > /openLANE_flow/designs/Multiplier_STG/runs/08-12_23-27/tmp/sky130_fd_sc_hd__tt_025C_1v80.no_pg.lib"

Wed Dec 08 23:27:05 UTC 2021 - Executing "yosys -c /openLANE_flow/scripts/synth.tcl -l /openLANE_flow/designs/Multiplier_STG/runs/08-12_23-27/logs/synthesis/1-yosys.log |& tee >&@stdout"

Wed Dec 08 23:27:06 UTC 2021 - Executing "sed -i -e {s/\(set ::env(CURRENT_NETLIST)\).*/\1 \/openLANE_flow\/designs\/Multiplier_STG\/runs\/08-12_23-27\/results\/synthesis\/Multiplier_STG.synthesis.v/} /openLANE_flow/designs/Multiplier_STG/runs/08-12_23-27/config.tcl"

Wed Dec 08 23:27:06 UTC 2021 - Executing "sed -i -e {s/\(set ::env(PREV_NETLIST)\).*/\1 0/} /openLANE_flow/designs/Multiplier_STG/runs/08-12_23-27/config.tcl"

Wed Dec 08 23:27:06 UTC 2021 - Executing "sed -i /defparam/d /openLANE_flow/designs/Multiplier_STG/runs/08-12_23-27/results/synthesis/Multiplier_STG.synthesis.v"

Wed Dec 08 23:27:06 UTC 2021 - Executing "openroad -exit /openLANE_flow/scripts/sta.tcl |& tee >&@stdout /openLANE_flow/designs/Multiplier_STG/runs/08-12_23-27/logs/synthesis/2-opensta"

Wed Dec 08 23:27:09 UTC 2021 - Executing "openroad -exit /openLANE_flow/scripts/openroad/or_floorplan.tcl |& tee >&@stdout /openLANE_flow/designs/Multiplier_STG/runs/08-12_23-27/logs/floorplan/3-verilog2def.openroad.log"

Wed Dec 08 23:27:11 UTC 2021 - Executing "openroad -exit /openLANE_flow/scripts/openroad/or_ioplacer.tcl |& tee >&@stdout /openLANE_flow/designs/Multiplier_STG/runs/08-12_23-27/logs/floorplan/4-ioPlacer.log"

Wed Dec 08 23:27:12 UTC 2021 - Executing "openroad -exit /openLANE_flow/scripts/openroad/or_tapcell.tcl |& tee >&@stdout /openLANE_flow/designs/Multiplier_STG/runs/08-12_23-27/logs/floorplan/5-tapcell.log"

Wed Dec 08 23:27:14 UTC 2021 - Executing "openroad -exit /openLANE_flow/scripts/openroad/or_pdn.tcl |& tee >&@stdout /openLANE_flow/designs/Multiplier_STG/runs/08-12_23-27/logs/floorplan/6-pdn.log"

Wed Dec 08 23:27:16 UTC 2021 - Executing "openroad -exit /openLANE_flow/scripts/openroad/or_replace.tcl |& tee >&@stdout /openLANE_flow/designs/Multiplier_STG/runs/08-12_23-27/logs/placement/7-replace.log"

Wed Dec 08 23:27:19 UTC 2021 - Executing "openroad -exit /openLANE_flow/scripts/openroad/or_resizer.tcl |& tee >&@stdout /openLANE_flow/designs/Multiplier_STG/runs/08-12_23-27/logs/placement/7-resizer.log"

Wed Dec 08 23:27:21 UTC 2021 - Executing "openroad -exit /openLANE_flow/scripts/openroad/or_write_verilog.tcl |& tee >&@stdout /openLANE_flow/designs/Multiplier_STG/runs/08-12_23-27/logs/8-write_verilog.log"

Wed Dec 08 23:27:23 UTC 2021 - Executing "sed -i -e {s/\(set ::env(CURRENT_NETLIST)\).*/\1 \/openLANE_flow\/designs\/Multiplier_STG\/runs\/08-12_23-27\/results\/synthesis\/Multiplier_STG.synthesis_optimized.v/} /openLANE_flow/designs/Multiplier_STG/runs/08-12_23-27/config.tcl"

Wed Dec 08 23:27:23 UTC 2021 - Executing "sed -i -e {s/\(set ::env(PREV_NETLIST)\).*/\1 \/openLANE_flow\/designs\/Multiplier_STG\/runs\/08-12_23-27\/results\/synthesis\/Multiplier_STG.synthesis.v/} /openLANE_flow/designs/Multiplier_STG/runs/08-12_23-27/config.tcl"

Wed Dec 08 23:27:23 UTC 2021 - Executing "openroad -exit /openLANE_flow/scripts/sta.tcl |& tee >&@stdout /openLANE_flow/designs/Multiplier_STG/runs/08-12_23-27/logs/synthesis/9-opensta_post_resizer"

Wed Dec 08 23:27:26 UTC 2021 - Executing "openroad -exit /openLANE_flow/scripts/openroad/or_opendp.tcl |& tee >&@stdout /openLANE_flow/designs/Multiplier_STG/runs/08-12_23-27/logs/placement/10-opendp.log"

Wed Dec 08 23:27:27 UTC 2021 - Executing "/openLANE_flow/scripts/libtrim.pl /home/MSUCAP/is.ibrahim/pdk/sky130A/libs.ref/sky130_fd_sc_hd/lib/sky130_fd_sc_hd__tt_025C_1v80.lib /openLANE_flow/designs/Multiplier_STG/runs/08-12_23-27/tmp/cts.lib.exclude.list > /openLANE_flow/designs/Multiplier_STG/runs/08-12_23-27/tmp/cts.lib"

Wed Dec 08 23:27:27 UTC 2021 - Executing "openroad -exit /openLANE_flow/scripts/openroad/or_cts.tcl |& tee >&@stdout /openLANE_flow/designs/Multiplier_STG/runs/08-12_23-27/logs/cts/11-cts.log"

Wed Dec 08 23:28:55 UTC 2021 - Executing "openroad -exit /openLANE_flow/scripts/openroad/or_write_verilog.tcl |& tee >&@stdout /openLANE_flow/designs/Multiplier_STG/runs/08-12_23-27/logs/12-write_verilog.log"

Wed Dec 08 23:28:57 UTC 2021 - Executing "sed -i -e {s/\(set ::env(CURRENT_NETLIST)\).*/\1 \/openLANE_flow\/designs\/Multiplier_STG\/runs\/08-12_23-27\/results\/synthesis\/Multiplier_STG.synthesis_cts.v/} /openLANE_flow/designs/Multiplier_STG/runs/08-12_23-27/config.tcl"

Wed Dec 08 23:28:57 UTC 2021 - Executing "sed -i -e {s/\(set ::env(PREV_NETLIST)\).*/\1 \/openLANE_flow\/designs\/Multiplier_STG\/runs\/08-12_23-27\/results\/synthesis\/Multiplier_STG.synthesis_optimized.v/} /openLANE_flow/designs/Multiplier_STG/runs/08-12_23-27/config.tcl"

Wed Dec 08 23:28:57 UTC 2021 - Executing "openroad -exit /openLANE_flow/scripts/openroad/or_resizer_timing.tcl |& tee >&@stdout /openLANE_flow/designs/Multiplier_STG/runs/08-12_23-27/logs/placement/12-resizer_timing.log"

Wed Dec 08 23:28:59 UTC 2021 - Executing "openroad -exit /openLANE_flow/scripts/openroad/or_write_verilog.tcl |& tee >&@stdout /openLANE_flow/designs/Multiplier_STG/runs/08-12_23-27/logs/13-write_verilog.log"

Wed Dec 08 23:29:00 UTC 2021 - Executing "sed -i -e {s/\(set ::env(CURRENT_NETLIST)\).*/\1 \/openLANE_flow\/designs\/Multiplier_STG\/runs\/08-12_23-27\/results\/synthesis\/Multiplier_STG.synthesis_optimized.v/} /openLANE_flow/designs/Multiplier_STG/runs/08-12_23-27/config.tcl"

Wed Dec 08 23:29:00 UTC 2021 - Executing "sed -i -e {s/\(set ::env(PREV_NETLIST)\).*/\1 \/openLANE_flow\/designs\/Multiplier_STG\/runs\/08-12_23-27\/results\/synthesis\/Multiplier_STG.synthesis_cts.v/} /openLANE_flow/designs/Multiplier_STG/runs/08-12_23-27/config.tcl"

Wed Dec 08 23:29:00 UTC 2021 - Executing "openroad -exit /openLANE_flow/scripts/sta.tcl |& tee >&@stdout /openLANE_flow/designs/Multiplier_STG/runs/08-12_23-27/logs/synthesis/14-opensta_post_resizer_timing"

Wed Dec 08 23:29:03 UTC 2021 - Executing "openroad -exit /openLANE_flow/scripts/openroad/or_resizer_routing_timing.tcl |& tee >&@stdout /openLANE_flow/designs/Multiplier_STG/runs/08-12_23-27/logs/placement/14-resizer_timing.log"

Wed Dec 08 23:29:05 UTC 2021 - Executing "openroad -exit /openLANE_flow/scripts/openroad/or_write_verilog.tcl |& tee >&@stdout /openLANE_flow/designs/Multiplier_STG/runs/08-12_23-27/logs/15-write_verilog.log"

Wed Dec 08 23:29:07 UTC 2021 - Executing "sed -i -e {s/\(set ::env(CURRENT_NETLIST)\).*/\1 \/openLANE_flow\/designs\/Multiplier_STG\/runs\/08-12_23-27\/results\/synthesis\/Multiplier_STG.synthesis_optimized.v/} /openLANE_flow/designs/Multiplier_STG/runs/08-12_23-27/config.tcl"

Wed Dec 08 23:29:07 UTC 2021 - Executing "sed -i -e {s/\(set ::env(PREV_NETLIST)\).*/\1 \/openLANE_flow\/designs\/Multiplier_STG\/runs\/08-12_23-27\/results\/synthesis\/Multiplier_STG.synthesis_optimized.v/} /openLANE_flow/designs/Multiplier_STG/runs/08-12_23-27/config.tcl"

Wed Dec 08 23:29:07 UTC 2021 - Executing "openroad -exit /openLANE_flow/scripts/sta.tcl |& tee >&@stdout /openLANE_flow/designs/Multiplier_STG/runs/08-12_23-27/logs/synthesis/16-opensta_post_resizer_routing_timing"

Wed Dec 08 23:29:09 UTC 2021 - Executing "openroad -exit /openLANE_flow/scripts/openroad/or_opendp.tcl |& tee >&@stdout /openLANE_flow/designs/Multiplier_STG/runs/08-12_23-27/logs/placement/17-opendp.log"

Wed Dec 08 23:29:11 UTC 2021 - Executing "openroad -exit /openLANE_flow/scripts/openroad/or_groute.tcl |& tee >&@stdout /openLANE_flow/designs/Multiplier_STG/runs/08-12_23-27/logs/routing/18-fastroute.log"

Wed Dec 08 23:29:14 UTC 2021 - Executing "openroad -exit /openLANE_flow/scripts/openroad/or_fill.tcl |& tee >&@stdout /openLANE_flow/designs/Multiplier_STG/runs/08-12_23-27/logs/routing/19-addspacers.log"

Wed Dec 08 23:29:16 UTC 2021 - Executing "openroad -exit /openLANE_flow/scripts/openroad/or_write_verilog.tcl |& tee >&@stdout /openLANE_flow/designs/Multiplier_STG/runs/08-12_23-27/logs/20-write_verilog.log"

Wed Dec 08 23:29:17 UTC 2021 - Executing "sed -i -e {s/\(set ::env(CURRENT_NETLIST)\).*/\1 \/openLANE_flow\/designs\/Multiplier_STG\/runs\/08-12_23-27\/results\/synthesis\/Multiplier_STG.synthesis_preroute.v/} /openLANE_flow/designs/Multiplier_STG/runs/08-12_23-27/config.tcl"

Wed Dec 08 23:29:17 UTC 2021 - Executing "sed -i -e {s/\(set ::env(PREV_NETLIST)\).*/\1 \/openLANE_flow\/designs\/Multiplier_STG\/runs\/08-12_23-27\/results\/synthesis\/Multiplier_STG.synthesis_optimized.v/} /openLANE_flow/designs/Multiplier_STG/runs/08-12_23-27/config.tcl"

Wed Dec 08 23:29:17 UTC 2021 - Executing "openroad -exit /openLANE_flow/scripts/openroad/or_droute.tcl |& tee >&@stdout /openLANE_flow/designs/Multiplier_STG/runs/08-12_23-27/logs/routing/21-tritonRoute.log"

Wed Dec 08 23:29:29 UTC 2021 - Executing "openroad -python /openLANE_flow/scripts/tr2klayout.py -i /openLANE_flow/designs/Multiplier_STG/runs/08-12_23-27/reports/routing/21-tritonRoute.drc -o /openLANE_flow/designs/Multiplier_STG/runs/08-12_23-27/reports/routing/21-tritonRoute.klayout.xml --design-name Multiplier_STG"

Wed Dec 08 23:29:31 UTC 2021 - Executing "openroad -exit /openLANE_flow/scripts/openroad/or_rcx.tcl |& tee >&@stdout /openLANE_flow/designs/Multiplier_STG/runs/08-12_23-27/logs/routing/22-spef_extraction.log"

Wed Dec 08 23:29:33 UTC 2021 - Executing "openroad -exit /openLANE_flow/scripts/sta.tcl |& tee >&@stdout /openLANE_flow/designs/Multiplier_STG/runs/08-12_23-27/logs/synthesis/23-opensta_spef"

Wed Dec 08 23:29:35 UTC 2021 - Executing "openroad -python /openLANE_flow/scripts/write_powered_def.py -d /openLANE_flow/designs/Multiplier_STG/runs/08-12_23-27/results/routing/20-Multiplier_STG.def -l /openLANE_flow/designs/Multiplier_STG/runs/08-12_23-27/tmp/merged.lef --power-port VPWR --ground-port VGND --powered-netlist {} -o /openLANE_flow/designs/Multiplier_STG/runs/08-12_23-27/tmp/routing/24-Multiplier_STG.powered.def |& tee >&@stdout /openLANE_flow/designs/Multiplier_STG/runs/08-12_23-27/logs/lvs/24-write_powered_verilog.log"

Wed Dec 08 23:29:37 UTC 2021 - Executing "openroad -exit /openLANE_flow/scripts/openroad/or_write_verilog.tcl |& tee >&@stdout /openLANE_flow/designs/Multiplier_STG/runs/08-12_23-27/logs/25-write_verilog.log"

Wed Dec 08 23:29:39 UTC 2021 - Executing "sed -i -e {s/\(set ::env(CURRENT_NETLIST)\).*/\1 \/openLANE_flow\/designs\/Multiplier_STG\/runs\/08-12_23-27\/results\/lvs\/Multiplier_STG.lvs.powered.v/} /openLANE_flow/designs/Multiplier_STG/runs/08-12_23-27/config.tcl"

Wed Dec 08 23:29:39 UTC 2021 - Executing "sed -i -e {s/\(set ::env(PREV_NETLIST)\).*/\1 \/openLANE_flow\/designs\/Multiplier_STG\/runs\/08-12_23-27\/results\/synthesis\/Multiplier_STG.synthesis_preroute.v/} /openLANE_flow/designs/Multiplier_STG/runs/08-12_23-27/config.tcl"

Wed Dec 08 23:29:39 UTC 2021 - Executing "magic -noconsole -dnull -rcfile /home/MSUCAP/is.ibrahim/pdk/sky130A/libs.tech/magic/sky130A.magicrc /openLANE_flow/scripts/magic/mag_gds.tcl </dev/null |& tee >&@stdout /openLANE_flow/designs/Multiplier_STG/runs/08-12_23-27/logs/magic/26-magic.log"

Wed Dec 08 23:29:39 UTC 2021 - Executing "magic -noconsole -dnull -rcfile /home/MSUCAP/is.ibrahim/pdk/sky130A/libs.tech/magic/sky130A.magicrc /openLANE_flow/scripts/magic/gds_pointers.tcl </dev/null |& tee >&@stdout /openLANE_flow/designs/Multiplier_STG/runs/08-12_23-27/logs/magic/27-magic.mag.gds_ptrs.log"

Wed Dec 08 23:29:40 UTC 2021 - Executing "sed -i -n {/^<< properties >>/,/^<< end >>/p} /openLANE_flow/designs/Multiplier_STG/runs/08-12_23-27/tmp/magic/magic_gds_ptrs.mag"

Wed Dec 08 23:29:40 UTC 2021 - Executing "magic -noconsole -dnull -rcfile /home/MSUCAP/is.ibrahim/pdk/sky130A/libs.tech/magic/sky130A.magicrc /openLANE_flow/scripts/magic/lef.tcl </dev/null |& tee >&@stdout /openLANE_flow/designs/Multiplier_STG/runs/08-12_23-27/logs/magic/28-magic.lef.log"

Wed Dec 08 23:29:41 UTC 2021 - Executing "magic -noconsole -dnull -rcfile /home/MSUCAP/is.ibrahim/pdk/sky130A/libs.tech/magic/sky130A.magicrc /openLANE_flow/scripts/magic/maglef.tcl </dev/null |& tee >&@stdout /openLANE_flow/designs/Multiplier_STG/runs/08-12_23-27/logs/magic/29-magic.maglef.log"

Wed Dec 08 23:29:41 UTC 2021 - Executing "bash /openLANE_flow/scripts/klayout/def2gds.sh /home/MSUCAP/is.ibrahim/pdk/sky130A/libs.tech/klayout/sky130A.lyt /openLANE_flow/designs/Multiplier_STG/runs/08-12_23-27/results/routing/20-Multiplier_STG.def Multiplier_STG /openLANE_flow/designs/Multiplier_STG/runs/08-12_23-27/results/klayout/Multiplier_STG.gds {/home/MSUCAP/is.ibrahim/pdk/sky130A/libs.ref/sky130_fd_sc_hd/gds/sky130_ef_sc_hd__fakediode_2.gds /home/MSUCAP/is.ibrahim/pdk/sky130A/libs.ref/sky130_fd_sc_hd/gds/sky130_ef_sc_hd__fill_4.gds /home/MSUCAP/is.ibrahim/pdk/sky130A/libs.ref/sky130_fd_sc_hd/gds/sky130_ef_sc_hd__decap_12.gds /home/MSUCAP/is.ibrahim/pdk/sky130A/libs.ref/sky130_fd_sc_hd/gds/sky130_ef_sc_hd__fill_8.gds /home/MSUCAP/is.ibrahim/pdk/sky130A/libs.ref/sky130_fd_sc_hd/gds/sky130_fd_sc_hd.gds /home/MSUCAP/is.ibrahim/pdk/sky130A/libs.ref/sky130_fd_sc_hd/gds/sky130_ef_sc_hd__fill_12.gds } |& tee >&@stdout /openLANE_flow/designs/Multiplier_STG/runs/08-12_23-27/logs/klayout/30-klayout.log"

Wed Dec 08 23:29:42 UTC 2021 - Executing "bash /openLANE_flow/scripts/klayout/xor.sh /openLANE_flow/designs/Multiplier_STG/runs/08-12_23-27/results/magic/Multiplier_STG.gds /openLANE_flow/designs/Multiplier_STG/runs/08-12_23-27/results/klayout/Multiplier_STG.gds Multiplier_STG /openLANE_flow/designs/Multiplier_STG/runs/08-12_23-27/results/klayout/Multiplier_STG.xor.gds |& tee >&@stdout /openLANE_flow/designs/Multiplier_STG/runs/08-12_23-27/logs/klayout/31-klayout.xor.log"

Wed Dec 08 23:29:47 UTC 2021 - Executing "openroad -python /openLANE_flow/scripts/parse_klayout_xor_log.py -l /openLANE_flow/designs/Multiplier_STG/runs/08-12_23-27/logs/klayout/31-klayout.xor.log -o /openLANE_flow/designs/Multiplier_STG/runs/08-12_23-27/reports/klayout/31-klayout.xor.rpt"

Wed Dec 08 23:29:48 UTC 2021 - Executing "bash /openLANE_flow/scripts/klayout/xor.sh /openLANE_flow/designs/Multiplier_STG/runs/08-12_23-27/results/magic/Multiplier_STG.gds /openLANE_flow/designs/Multiplier_STG/runs/08-12_23-27/results/klayout/Multiplier_STG.gds Multiplier_STG /openLANE_flow/designs/Multiplier_STG/runs/08-12_23-27/results/klayout/Multiplier_STG.xor.xml |& tee >&@stdout /openLANE_flow/designs/Multiplier_STG/runs/08-12_23-27/logs/klayout/32-klayout.xor.log"

Wed Dec 08 23:29:52 UTC 2021 - Executing "openroad -python /openLANE_flow/scripts/parse_klayout_xor_log.py -l /openLANE_flow/designs/Multiplier_STG/runs/08-12_23-27/logs/klayout/32-klayout.xor.log -o /openLANE_flow/designs/Multiplier_STG/runs/08-12_23-27/reports/klayout/32-klayout.xor.rpt"

Wed Dec 08 23:29:53 UTC 2021 - Executing "magic -noconsole -dnull -rcfile /home/MSUCAP/is.ibrahim/pdk/sky130A/libs.tech/magic/sky130A.magicrc /openLANE_flow/designs/Multiplier_STG/runs/08-12_23-27/tmp/magic_spice.tcl </dev/null |& tee >&@stdout /openLANE_flow/designs/Multiplier_STG/runs/08-12_23-27/logs/magic/33-magic_spice.log"

Wed Dec 08 23:29:55 UTC 2021 - Executing "netgen -batch source /openLANE_flow/designs/Multiplier_STG/runs/08-12_23-27/tmp/lvs/setup_file.lef.lvs |& tee >&@stdout /openLANE_flow/designs/Multiplier_STG/runs/08-12_23-27/logs/lvs/34-lvs.lef.log"

Wed Dec 08 23:29:55 UTC 2021 - Executing "magic -noconsole -dnull -rcfile /home/MSUCAP/is.ibrahim/pdk/sky130A/libs.tech/magic/sky130A.magicrc /openLANE_flow/scripts/magic/drc.tcl </dev/null |& tee >&@stdout /openLANE_flow/designs/Multiplier_STG/runs/08-12_23-27/logs/magic/35-magic.drc.log"

Wed Dec 08 23:29:59 UTC 2021 - Executing "openroad -python /openLANE_flow/scripts/magic_drc_to_tcl.py -i /openLANE_flow/designs/Multiplier_STG/runs/08-12_23-27/reports/magic/35-magic.drc -o /openLANE_flow/designs/Multiplier_STG/runs/08-12_23-27/reports/magic/35-magic.drc.tcl"

Wed Dec 08 23:30:01 UTC 2021 - Executing "openroad -python /openLANE_flow/scripts/magic_drc_to_tr_drc.py -i /openLANE_flow/designs/Multiplier_STG/runs/08-12_23-27/reports/magic/35-magic.drc -o /openLANE_flow/designs/Multiplier_STG/runs/08-12_23-27/reports/magic/35-magic.tr.drc"

Wed Dec 08 23:30:02 UTC 2021 - Executing "openroad -python /openLANE_flow/scripts/tr2klayout.py -i /openLANE_flow/designs/Multiplier_STG/runs/08-12_23-27/reports/magic/35-magic.tr.drc -o /openLANE_flow/designs/Multiplier_STG/runs/08-12_23-27/reports/magic/35-magic.drc.klayout.xml --design-name Multiplier_STG"

Wed Dec 08 23:30:03 UTC 2021 - Executing "openroad -python /openLANE_flow/scripts/magic_drc_to_rdb.py --magic_drc_in /openLANE_flow/designs/Multiplier_STG/runs/08-12_23-27/reports/magic/35-magic.drc --rdb_out /openLANE_flow/designs/Multiplier_STG/runs/08-12_23-27/reports/magic/35-magic.drc.rdb"

Wed Dec 08 23:30:05 UTC 2021 - Executing "openroad -exit /openLANE_flow/scripts/openroad/or_antenna_check.tcl |& tee >&@stdout /openLANE_flow/designs/Multiplier_STG/runs/08-12_23-27/logs/routing/36-or_antenna.log"

Wed Dec 08 23:30:06 UTC 2021 - Executing "mv -f /openLANE_flow/designs/Multiplier_STG/runs/08-12_23-27/reports/routing/antenna.rpt /openLANE_flow/designs/Multiplier_STG/runs/08-12_23-27/reports/routing/37-antenna.rpt"

Wed Dec 08 23:30:06 UTC 2021 - Executing "awk { BEGIN {  # Print power and standard_input definitions
    print "VPWR power 1.8";
    print "VGND power 0.0";
    print "#define std_input min@VGND max@VPWR";
}
$1 == "input" {  # Print input nets
    gsub(/;/, "");
    if ( $2 == "VPWR" || $2 == "VGND" ) {  # ignore power nets
        next;
    }
    if ( NF == 3 ) {  # print buses as net[range]
        $2 = $3 $2;
    }
    print $2, "input std_input";
}} /openLANE_flow/designs/Multiplier_STG/runs/08-12_23-27/results/lvs/Multiplier_STG.lvs.powered.v > /openLANE_flow/designs/Multiplier_STG/runs/08-12_23-27/results/cvc/Multiplier_STG.power"

Wed Dec 08 23:30:06 UTC 2021 - Executing "awk { /Black-box entry subcircuit/ {  # remove black-box defintions
    while ( $1 != ".ends" ) {
        getline;
    }
    getline;
}
/^\*/ {  # remove comments
    next;
}
/^.ENDS .*/ {  # remove name from ends lines
    print $1;
    next;
}
 {
    print $0;
}} /home/MSUCAP/is.ibrahim/pdk/sky130A/libs.ref/sky130_fd_sc_hd/cdl/sky130_fd_sc_hd.cdl /openLANE_flow/designs/Multiplier_STG/runs/08-12_23-27/results/magic/Multiplier_STG.lef.spice > /openLANE_flow/designs/Multiplier_STG/runs/08-12_23-27/results/cvc/Multiplier_STG.cdl"

Wed Dec 08 23:30:06 UTC 2021 - Executing "cvc /openLANE_flow/scripts/cvc/sky130A/cvcrc.sky130A |& tee >&@stdout /openLANE_flow/designs/Multiplier_STG/runs/08-12_23-27/logs/cvc/38-cvc_screen.log"

Wed Dec 08 23:30:07 UTC 2021 - Executing "openroad -python /openLANE_flow/generate_reports.py -d /openLANE_flow/designs/Multiplier_STG -dn Multiplier_STG -t 08-12_23-27 -o /openLANE_flow/designs/Multiplier_STG/runs/08-12_23-27/reports/final_summary_report.csv -m /openLANE_flow/designs/Multiplier_STG/runs/08-12_23-27/reports/manufacturability_report.rpt -rs /openLANE_flow/designs/Multiplier_STG/runs/08-12_23-27/reports/runtime_summary_report.rpt -r /openLANE_flow/designs/Multiplier_STG/runs/08-12_23-27"

