
Cell sky130_fd_sc_hd__tapvpwrvgnd_1 disconnected node: VGND
Cell sky130_fd_sc_hd__tapvpwrvgnd_1 disconnected node: VPWR
Warning: Equate pins:  cell sky130_fd_sc_hd__tapvpwrvgnd_1 has no definition, treated as a black box.

Subcircuit pins:
Circuit 1: sky130_fd_sc_hd__tapvpwrvgnd_1  |Circuit 2: sky130_fd_sc_hd__tapvpwrvgnd_1  
-------------------------------------------|-------------------------------------------
VGND                                       |VGND                                       
VPWR                                       |VPWR                                       
---------------------------------------------------------------------------------------
Cell pin lists are equivalent.
Device classes sky130_fd_sc_hd__tapvpwrvgnd_1 and sky130_fd_sc_hd__tapvpwrvgnd_1 are equivalent.

Cell sky130_fd_sc_hd__decap_12 disconnected node: VGND
Cell sky130_fd_sc_hd__decap_12 disconnected node: VNB
Cell sky130_fd_sc_hd__decap_12 disconnected node: VPB
Cell sky130_fd_sc_hd__decap_12 disconnected node: VPWR
Warning: Equate pins:  cell sky130_fd_sc_hd__decap_12 has no definition, treated as a black box.

Subcircuit pins:
Circuit 1: sky130_fd_sc_hd__decap_12       |Circuit 2: sky130_fd_sc_hd__decap_12       
-------------------------------------------|-------------------------------------------
VGND                                       |VGND                                       
VNB                                        |VNB                                        
VPB                                        |VPB                                        
VPWR                                       |VPWR                                       
---------------------------------------------------------------------------------------
Cell pin lists are equivalent.
Device classes sky130_fd_sc_hd__decap_12 and sky130_fd_sc_hd__decap_12 are equivalent.

Cell sky130_fd_sc_hd__decap_6 disconnected node: VGND
Cell sky130_fd_sc_hd__decap_6 disconnected node: VNB
Cell sky130_fd_sc_hd__decap_6 disconnected node: VPB
Cell sky130_fd_sc_hd__decap_6 disconnected node: VPWR
Warning: Equate pins:  cell sky130_fd_sc_hd__decap_6 has no definition, treated as a black box.

Subcircuit pins:
Circuit 1: sky130_fd_sc_hd__decap_6        |Circuit 2: sky130_fd_sc_hd__decap_6        
-------------------------------------------|-------------------------------------------
VGND                                       |VGND                                       
VNB                                        |VNB                                        
VPB                                        |VPB                                        
VPWR                                       |VPWR                                       
---------------------------------------------------------------------------------------
Cell pin lists are equivalent.
Device classes sky130_fd_sc_hd__decap_6 and sky130_fd_sc_hd__decap_6 are equivalent.

Cell sky130_fd_sc_hd__fill_1 disconnected node: VGND
Cell sky130_fd_sc_hd__fill_1 disconnected node: VNB
Cell sky130_fd_sc_hd__fill_1 disconnected node: VPB
Cell sky130_fd_sc_hd__fill_1 disconnected node: VPWR
Warning: Equate pins:  cell sky130_fd_sc_hd__fill_1 has no definition, treated as a black box.

Subcircuit pins:
Circuit 1: sky130_fd_sc_hd__fill_1         |Circuit 2: sky130_fd_sc_hd__fill_1         
-------------------------------------------|-------------------------------------------
VGND                                       |VGND                                       
VNB                                        |VNB                                        
VPB                                        |VPB                                        
VPWR                                       |VPWR                                       
---------------------------------------------------------------------------------------
Cell pin lists are equivalent.
Device classes sky130_fd_sc_hd__fill_1 and sky130_fd_sc_hd__fill_1 are equivalent.

Cell sky130_fd_sc_hd__decap_4 disconnected node: VGND
Cell sky130_fd_sc_hd__decap_4 disconnected node: VNB
Cell sky130_fd_sc_hd__decap_4 disconnected node: VPB
Cell sky130_fd_sc_hd__decap_4 disconnected node: VPWR
Warning: Equate pins:  cell sky130_fd_sc_hd__decap_4 has no definition, treated as a black box.

Subcircuit pins:
Circuit 1: sky130_fd_sc_hd__decap_4        |Circuit 2: sky130_fd_sc_hd__decap_4        
-------------------------------------------|-------------------------------------------
VGND                                       |VGND                                       
VNB                                        |VNB                                        
VPB                                        |VPB                                        
VPWR                                       |VPWR                                       
---------------------------------------------------------------------------------------
Cell pin lists are equivalent.
Device classes sky130_fd_sc_hd__decap_4 and sky130_fd_sc_hd__decap_4 are equivalent.

Cell sky130_fd_sc_hd__inv_2 disconnected node: A
Cell sky130_fd_sc_hd__inv_2 disconnected node: VGND
Cell sky130_fd_sc_hd__inv_2 disconnected node: VNB
Cell sky130_fd_sc_hd__inv_2 disconnected node: VPB
Cell sky130_fd_sc_hd__inv_2 disconnected node: VPWR
Cell sky130_fd_sc_hd__inv_2 disconnected node: Y
Warning: Equate pins:  cell sky130_fd_sc_hd__inv_2 has no definition, treated as a black box.

Subcircuit pins:
Circuit 1: sky130_fd_sc_hd__inv_2          |Circuit 2: sky130_fd_sc_hd__inv_2          
-------------------------------------------|-------------------------------------------
A                                          |A                                          
VGND                                       |VGND                                       
VNB                                        |VNB                                        
VPB                                        |VPB                                        
VPWR                                       |VPWR                                       
Y                                          |Y                                          
---------------------------------------------------------------------------------------
Cell pin lists are equivalent.
Device classes sky130_fd_sc_hd__inv_2 and sky130_fd_sc_hd__inv_2 are equivalent.

Cell sky130_fd_sc_hd__fill_2 disconnected node: VGND
Cell sky130_fd_sc_hd__fill_2 disconnected node: VNB
Cell sky130_fd_sc_hd__fill_2 disconnected node: VPB
Cell sky130_fd_sc_hd__fill_2 disconnected node: VPWR
Warning: Equate pins:  cell sky130_fd_sc_hd__fill_2 has no definition, treated as a black box.

Subcircuit pins:
Circuit 1: sky130_fd_sc_hd__fill_2         |Circuit 2: sky130_fd_sc_hd__fill_2         
-------------------------------------------|-------------------------------------------
VGND                                       |VGND                                       
VNB                                        |VNB                                        
VPB                                        |VPB                                        
VPWR                                       |VPWR                                       
---------------------------------------------------------------------------------------
Cell pin lists are equivalent.
Device classes sky130_fd_sc_hd__fill_2 and sky130_fd_sc_hd__fill_2 are equivalent.

Cell sky130_fd_sc_hd__or2_1 disconnected node: A
Cell sky130_fd_sc_hd__or2_1 disconnected node: B
Cell sky130_fd_sc_hd__or2_1 disconnected node: VGND
Cell sky130_fd_sc_hd__or2_1 disconnected node: VNB
Cell sky130_fd_sc_hd__or2_1 disconnected node: VPB
Cell sky130_fd_sc_hd__or2_1 disconnected node: VPWR
Cell sky130_fd_sc_hd__or2_1 disconnected node: X
Warning: Equate pins:  cell sky130_fd_sc_hd__or2_1 has no definition, treated as a black box.

Subcircuit pins:
Circuit 1: sky130_fd_sc_hd__or2_1          |Circuit 2: sky130_fd_sc_hd__or2_1          
-------------------------------------------|-------------------------------------------
A                                          |A                                          
B                                          |B                                          
VGND                                       |VGND                                       
VNB                                        |VNB                                        
VPB                                        |VPB                                        
VPWR                                       |VPWR                                       
X                                          |X                                          
---------------------------------------------------------------------------------------
Cell pin lists are equivalent.
Device classes sky130_fd_sc_hd__or2_1 and sky130_fd_sc_hd__or2_1 are equivalent.

Cell sky130_fd_sc_hd__nand2_1 disconnected node: A
Cell sky130_fd_sc_hd__nand2_1 disconnected node: B
Cell sky130_fd_sc_hd__nand2_1 disconnected node: VGND
Cell sky130_fd_sc_hd__nand2_1 disconnected node: VNB
Cell sky130_fd_sc_hd__nand2_1 disconnected node: VPB
Cell sky130_fd_sc_hd__nand2_1 disconnected node: VPWR
Cell sky130_fd_sc_hd__nand2_1 disconnected node: Y
Warning: Equate pins:  cell sky130_fd_sc_hd__nand2_1 has no definition, treated as a black box.

Subcircuit pins:
Circuit 1: sky130_fd_sc_hd__nand2_1        |Circuit 2: sky130_fd_sc_hd__nand2_1        
-------------------------------------------|-------------------------------------------
A                                          |A                                          
B                                          |B                                          
VGND                                       |VGND                                       
VNB                                        |VNB                                        
VPB                                        |VPB                                        
VPWR                                       |VPWR                                       
Y                                          |Y                                          
---------------------------------------------------------------------------------------
Cell pin lists are equivalent.
Device classes sky130_fd_sc_hd__nand2_1 and sky130_fd_sc_hd__nand2_1 are equivalent.

Cell sky130_fd_sc_hd__a22o_1 disconnected node: A1
Cell sky130_fd_sc_hd__a22o_1 disconnected node: A2
Cell sky130_fd_sc_hd__a22o_1 disconnected node: B1
Cell sky130_fd_sc_hd__a22o_1 disconnected node: B2
Cell sky130_fd_sc_hd__a22o_1 disconnected node: VGND
Cell sky130_fd_sc_hd__a22o_1 disconnected node: VNB
Cell sky130_fd_sc_hd__a22o_1 disconnected node: VPB
Cell sky130_fd_sc_hd__a22o_1 disconnected node: VPWR
Cell sky130_fd_sc_hd__a22o_1 disconnected node: X
Warning: Equate pins:  cell sky130_fd_sc_hd__a22o_1 has no definition, treated as a black box.

Subcircuit pins:
Circuit 1: sky130_fd_sc_hd__a22o_1         |Circuit 2: sky130_fd_sc_hd__a22o_1         
-------------------------------------------|-------------------------------------------
A1                                         |A1                                         
A2                                         |A2                                         
B1                                         |B1                                         
B2                                         |B2                                         
VGND                                       |VGND                                       
VNB                                        |VNB                                        
VPB                                        |VPB                                        
VPWR                                       |VPWR                                       
X                                          |X                                          
---------------------------------------------------------------------------------------
Cell pin lists are equivalent.
Device classes sky130_fd_sc_hd__a22o_1 and sky130_fd_sc_hd__a22o_1 are equivalent.

Cell sky130_fd_sc_hd__clkbuf_2 disconnected node: A
Cell sky130_fd_sc_hd__clkbuf_2 disconnected node: VGND
Cell sky130_fd_sc_hd__clkbuf_2 disconnected node: VNB
Cell sky130_fd_sc_hd__clkbuf_2 disconnected node: VPB
Cell sky130_fd_sc_hd__clkbuf_2 disconnected node: VPWR
Cell sky130_fd_sc_hd__clkbuf_2 disconnected node: X
Warning: Equate pins:  cell sky130_fd_sc_hd__clkbuf_2 has no definition, treated as a black box.

Subcircuit pins:
Circuit 1: sky130_fd_sc_hd__clkbuf_2       |Circuit 2: sky130_fd_sc_hd__clkbuf_2       
-------------------------------------------|-------------------------------------------
A                                          |A                                          
VGND                                       |VGND                                       
VNB                                        |VNB                                        
VPB                                        |VPB                                        
VPWR                                       |VPWR                                       
X                                          |X                                          
---------------------------------------------------------------------------------------
Cell pin lists are equivalent.
Device classes sky130_fd_sc_hd__clkbuf_2 and sky130_fd_sc_hd__clkbuf_2 are equivalent.

Cell sky130_fd_sc_hd__decap_8 disconnected node: VGND
Cell sky130_fd_sc_hd__decap_8 disconnected node: VNB
Cell sky130_fd_sc_hd__decap_8 disconnected node: VPB
Cell sky130_fd_sc_hd__decap_8 disconnected node: VPWR
Warning: Equate pins:  cell sky130_fd_sc_hd__decap_8 has no definition, treated as a black box.

Subcircuit pins:
Circuit 1: sky130_fd_sc_hd__decap_8        |Circuit 2: sky130_fd_sc_hd__decap_8        
-------------------------------------------|-------------------------------------------
VGND                                       |VGND                                       
VNB                                        |VNB                                        
VPB                                        |VPB                                        
VPWR                                       |VPWR                                       
---------------------------------------------------------------------------------------
Cell pin lists are equivalent.
Device classes sky130_fd_sc_hd__decap_8 and sky130_fd_sc_hd__decap_8 are equivalent.

Cell sky130_fd_sc_hd__decap_3 disconnected node: VGND
Cell sky130_fd_sc_hd__decap_3 disconnected node: VNB
Cell sky130_fd_sc_hd__decap_3 disconnected node: VPB
Cell sky130_fd_sc_hd__decap_3 disconnected node: VPWR
Warning: Equate pins:  cell sky130_fd_sc_hd__decap_3 has no definition, treated as a black box.

Subcircuit pins:
Circuit 1: sky130_fd_sc_hd__decap_3        |Circuit 2: sky130_fd_sc_hd__decap_3        
-------------------------------------------|-------------------------------------------
VGND                                       |VGND                                       
VNB                                        |VNB                                        
VPB                                        |VPB                                        
VPWR                                       |VPWR                                       
---------------------------------------------------------------------------------------
Cell pin lists are equivalent.
Device classes sky130_fd_sc_hd__decap_3 and sky130_fd_sc_hd__decap_3 are equivalent.

Cell sky130_fd_sc_hd__o2bb2a_1 disconnected node: A1_N
Cell sky130_fd_sc_hd__o2bb2a_1 disconnected node: A2_N
Cell sky130_fd_sc_hd__o2bb2a_1 disconnected node: B1
Cell sky130_fd_sc_hd__o2bb2a_1 disconnected node: B2
Cell sky130_fd_sc_hd__o2bb2a_1 disconnected node: VGND
Cell sky130_fd_sc_hd__o2bb2a_1 disconnected node: VNB
Cell sky130_fd_sc_hd__o2bb2a_1 disconnected node: VPB
Cell sky130_fd_sc_hd__o2bb2a_1 disconnected node: VPWR
Cell sky130_fd_sc_hd__o2bb2a_1 disconnected node: X
Warning: Equate pins:  cell sky130_fd_sc_hd__o2bb2a_1 has no definition, treated as a black box.

Subcircuit pins:
Circuit 1: sky130_fd_sc_hd__o2bb2a_1       |Circuit 2: sky130_fd_sc_hd__o2bb2a_1       
-------------------------------------------|-------------------------------------------
A1_N                                       |A1_N                                       
A2_N                                       |A2_N                                       
B1                                         |B1                                         
B2                                         |B2                                         
VGND                                       |VGND                                       
VNB                                        |VNB                                        
VPB                                        |VPB                                        
VPWR                                       |VPWR                                       
X                                          |X                                          
---------------------------------------------------------------------------------------
Cell pin lists are equivalent.
Device classes sky130_fd_sc_hd__o2bb2a_1 and sky130_fd_sc_hd__o2bb2a_1 are equivalent.

Cell sky130_fd_sc_hd__nor2_1 disconnected node: A
Cell sky130_fd_sc_hd__nor2_1 disconnected node: B
Cell sky130_fd_sc_hd__nor2_1 disconnected node: VGND
Cell sky130_fd_sc_hd__nor2_1 disconnected node: VNB
Cell sky130_fd_sc_hd__nor2_1 disconnected node: VPB
Cell sky130_fd_sc_hd__nor2_1 disconnected node: VPWR
Cell sky130_fd_sc_hd__nor2_1 disconnected node: Y
Warning: Equate pins:  cell sky130_fd_sc_hd__nor2_1 has no definition, treated as a black box.

Subcircuit pins:
Circuit 1: sky130_fd_sc_hd__nor2_1         |Circuit 2: sky130_fd_sc_hd__nor2_1         
-------------------------------------------|-------------------------------------------
A                                          |A                                          
B                                          |B                                          
VGND                                       |VGND                                       
VNB                                        |VNB                                        
VPB                                        |VPB                                        
VPWR                                       |VPWR                                       
Y                                          |Y                                          
---------------------------------------------------------------------------------------
Cell pin lists are equivalent.
Device classes sky130_fd_sc_hd__nor2_1 and sky130_fd_sc_hd__nor2_1 are equivalent.

Cell sky130_fd_sc_hd__clkbuf_16 disconnected node: A
Cell sky130_fd_sc_hd__clkbuf_16 disconnected node: VGND
Cell sky130_fd_sc_hd__clkbuf_16 disconnected node: VNB
Cell sky130_fd_sc_hd__clkbuf_16 disconnected node: VPB
Cell sky130_fd_sc_hd__clkbuf_16 disconnected node: VPWR
Cell sky130_fd_sc_hd__clkbuf_16 disconnected node: X
Warning: Equate pins:  cell sky130_fd_sc_hd__clkbuf_16 has no definition, treated as a black box.

Subcircuit pins:
Circuit 1: sky130_fd_sc_hd__clkbuf_16      |Circuit 2: sky130_fd_sc_hd__clkbuf_16      
-------------------------------------------|-------------------------------------------
A                                          |A                                          
VGND                                       |VGND                                       
VNB                                        |VNB                                        
VPB                                        |VPB                                        
VPWR                                       |VPWR                                       
X                                          |X                                          
---------------------------------------------------------------------------------------
Cell pin lists are equivalent.
Device classes sky130_fd_sc_hd__clkbuf_16 and sky130_fd_sc_hd__clkbuf_16 are equivalent.

Cell sky130_fd_sc_hd__dfrtp_1 disconnected node: CLK
Cell sky130_fd_sc_hd__dfrtp_1 disconnected node: D
Cell sky130_fd_sc_hd__dfrtp_1 disconnected node: RESET_B
Cell sky130_fd_sc_hd__dfrtp_1 disconnected node: VGND
Cell sky130_fd_sc_hd__dfrtp_1 disconnected node: VNB
Cell sky130_fd_sc_hd__dfrtp_1 disconnected node: VPB
Cell sky130_fd_sc_hd__dfrtp_1 disconnected node: VPWR
Cell sky130_fd_sc_hd__dfrtp_1 disconnected node: Q
Warning: Equate pins:  cell sky130_fd_sc_hd__dfrtp_1 has no definition, treated as a black box.

Subcircuit pins:
Circuit 1: sky130_fd_sc_hd__dfrtp_1        |Circuit 2: sky130_fd_sc_hd__dfrtp_1        
-------------------------------------------|-------------------------------------------
CLK                                        |CLK                                        
D                                          |D                                          
RESET_B                                    |RESET_B                                    
VGND                                       |VGND                                       
VNB                                        |VNB                                        
VPB                                        |VPB                                        
VPWR                                       |VPWR                                       
Q                                          |Q                                          
---------------------------------------------------------------------------------------
Cell pin lists are equivalent.
Device classes sky130_fd_sc_hd__dfrtp_1 and sky130_fd_sc_hd__dfrtp_1 are equivalent.

Cell sky130_fd_sc_hd__clkbuf_1 disconnected node: A
Cell sky130_fd_sc_hd__clkbuf_1 disconnected node: VGND
Cell sky130_fd_sc_hd__clkbuf_1 disconnected node: VNB
Cell sky130_fd_sc_hd__clkbuf_1 disconnected node: VPB
Cell sky130_fd_sc_hd__clkbuf_1 disconnected node: VPWR
Cell sky130_fd_sc_hd__clkbuf_1 disconnected node: X
Warning: Equate pins:  cell sky130_fd_sc_hd__clkbuf_1 has no definition, treated as a black box.

Subcircuit pins:
Circuit 1: sky130_fd_sc_hd__clkbuf_1       |Circuit 2: sky130_fd_sc_hd__clkbuf_1       
-------------------------------------------|-------------------------------------------
A                                          |A                                          
VGND                                       |VGND                                       
VNB                                        |VNB                                        
VPB                                        |VPB                                        
VPWR                                       |VPWR                                       
X                                          |X                                          
---------------------------------------------------------------------------------------
Cell pin lists are equivalent.
Device classes sky130_fd_sc_hd__clkbuf_1 and sky130_fd_sc_hd__clkbuf_1 are equivalent.

Cell sky130_fd_sc_hd__a32o_1 disconnected node: A1
Cell sky130_fd_sc_hd__a32o_1 disconnected node: A2
Cell sky130_fd_sc_hd__a32o_1 disconnected node: A3
Cell sky130_fd_sc_hd__a32o_1 disconnected node: B1
Cell sky130_fd_sc_hd__a32o_1 disconnected node: B2
Cell sky130_fd_sc_hd__a32o_1 disconnected node: VGND
Cell sky130_fd_sc_hd__a32o_1 disconnected node: VNB
Cell sky130_fd_sc_hd__a32o_1 disconnected node: VPB
Cell sky130_fd_sc_hd__a32o_1 disconnected node: VPWR
Cell sky130_fd_sc_hd__a32o_1 disconnected node: X
Warning: Equate pins:  cell sky130_fd_sc_hd__a32o_1 has no definition, treated as a black box.

Subcircuit pins:
Circuit 1: sky130_fd_sc_hd__a32o_1         |Circuit 2: sky130_fd_sc_hd__a32o_1         
-------------------------------------------|-------------------------------------------
A1                                         |A1                                         
A2                                         |A2                                         
A3                                         |A3                                         
B1                                         |B1                                         
B2                                         |B2                                         
VGND                                       |VGND                                       
VNB                                        |VNB                                        
VPB                                        |VPB                                        
VPWR                                       |VPWR                                       
X                                          |X                                          
---------------------------------------------------------------------------------------
Cell pin lists are equivalent.
Device classes sky130_fd_sc_hd__a32o_1 and sky130_fd_sc_hd__a32o_1 are equivalent.

Cell sky130_fd_sc_hd__a31o_1 disconnected node: A1
Cell sky130_fd_sc_hd__a31o_1 disconnected node: A2
Cell sky130_fd_sc_hd__a31o_1 disconnected node: A3
Cell sky130_fd_sc_hd__a31o_1 disconnected node: B1
Cell sky130_fd_sc_hd__a31o_1 disconnected node: VGND
Cell sky130_fd_sc_hd__a31o_1 disconnected node: VNB
Cell sky130_fd_sc_hd__a31o_1 disconnected node: VPB
Cell sky130_fd_sc_hd__a31o_1 disconnected node: VPWR
Cell sky130_fd_sc_hd__a31o_1 disconnected node: X
Warning: Equate pins:  cell sky130_fd_sc_hd__a31o_1 has no definition, treated as a black box.

Subcircuit pins:
Circuit 1: sky130_fd_sc_hd__a31o_1         |Circuit 2: sky130_fd_sc_hd__a31o_1         
-------------------------------------------|-------------------------------------------
A1                                         |A1                                         
A2                                         |A2                                         
A3                                         |A3                                         
B1                                         |B1                                         
VGND                                       |VGND                                       
VNB                                        |VNB                                        
VPB                                        |VPB                                        
VPWR                                       |VPWR                                       
X                                          |X                                          
---------------------------------------------------------------------------------------
Cell pin lists are equivalent.
Device classes sky130_fd_sc_hd__a31o_1 and sky130_fd_sc_hd__a31o_1 are equivalent.

Cell sky130_fd_sc_hd__and4_1 disconnected node: A
Cell sky130_fd_sc_hd__and4_1 disconnected node: B
Cell sky130_fd_sc_hd__and4_1 disconnected node: C
Cell sky130_fd_sc_hd__and4_1 disconnected node: D
Cell sky130_fd_sc_hd__and4_1 disconnected node: VGND
Cell sky130_fd_sc_hd__and4_1 disconnected node: VNB
Cell sky130_fd_sc_hd__and4_1 disconnected node: VPB
Cell sky130_fd_sc_hd__and4_1 disconnected node: VPWR
Cell sky130_fd_sc_hd__and4_1 disconnected node: X
Warning: Equate pins:  cell sky130_fd_sc_hd__and4_1 has no definition, treated as a black box.

Subcircuit pins:
Circuit 1: sky130_fd_sc_hd__and4_1         |Circuit 2: sky130_fd_sc_hd__and4_1         
-------------------------------------------|-------------------------------------------
A                                          |A                                          
B                                          |B                                          
C                                          |C                                          
D                                          |D                                          
VGND                                       |VGND                                       
VNB                                        |VNB                                        
VPB                                        |VPB                                        
VPWR                                       |VPWR                                       
X                                          |X                                          
---------------------------------------------------------------------------------------
Cell pin lists are equivalent.
Device classes sky130_fd_sc_hd__and4_1 and sky130_fd_sc_hd__and4_1 are equivalent.

Cell sky130_fd_sc_hd__o311a_1 disconnected node: A1
Cell sky130_fd_sc_hd__o311a_1 disconnected node: A2
Cell sky130_fd_sc_hd__o311a_1 disconnected node: A3
Cell sky130_fd_sc_hd__o311a_1 disconnected node: B1
Cell sky130_fd_sc_hd__o311a_1 disconnected node: C1
Cell sky130_fd_sc_hd__o311a_1 disconnected node: VGND
Cell sky130_fd_sc_hd__o311a_1 disconnected node: VNB
Cell sky130_fd_sc_hd__o311a_1 disconnected node: VPB
Cell sky130_fd_sc_hd__o311a_1 disconnected node: VPWR
Cell sky130_fd_sc_hd__o311a_1 disconnected node: X
Warning: Equate pins:  cell sky130_fd_sc_hd__o311a_1 has no definition, treated as a black box.

Subcircuit pins:
Circuit 1: sky130_fd_sc_hd__o311a_1        |Circuit 2: sky130_fd_sc_hd__o311a_1        
-------------------------------------------|-------------------------------------------
A1                                         |A1                                         
A2                                         |A2                                         
A3                                         |A3                                         
B1                                         |B1                                         
C1                                         |C1                                         
VGND                                       |VGND                                       
VNB                                        |VNB                                        
VPB                                        |VPB                                        
VPWR                                       |VPWR                                       
X                                          |X                                          
---------------------------------------------------------------------------------------
Cell pin lists are equivalent.
Device classes sky130_fd_sc_hd__o311a_1 and sky130_fd_sc_hd__o311a_1 are equivalent.

Cell sky130_fd_sc_hd__dlymetal6s2s_1 disconnected node: A
Cell sky130_fd_sc_hd__dlymetal6s2s_1 disconnected node: VGND
Cell sky130_fd_sc_hd__dlymetal6s2s_1 disconnected node: VNB
Cell sky130_fd_sc_hd__dlymetal6s2s_1 disconnected node: VPB
Cell sky130_fd_sc_hd__dlymetal6s2s_1 disconnected node: VPWR
Cell sky130_fd_sc_hd__dlymetal6s2s_1 disconnected node: X
Warning: Equate pins:  cell sky130_fd_sc_hd__dlymetal6s2s_1 has no definition, treated as a black box.

Subcircuit pins:
Circuit 1: sky130_fd_sc_hd__dlymetal6s2s_1 |Circuit 2: sky130_fd_sc_hd__dlymetal6s2s_1 
-------------------------------------------|-------------------------------------------
A                                          |A                                          
VGND                                       |VGND                                       
VNB                                        |VNB                                        
VPB                                        |VPB                                        
VPWR                                       |VPWR                                       
X                                          |X                                          
---------------------------------------------------------------------------------------
Cell pin lists are equivalent.
Device classes sky130_fd_sc_hd__dlymetal6s2s_1 and sky130_fd_sc_hd__dlymetal6s2s_1 are equivalent.

Cell sky130_fd_sc_hd__o21ai_1 disconnected node: A1
Cell sky130_fd_sc_hd__o21ai_1 disconnected node: A2
Cell sky130_fd_sc_hd__o21ai_1 disconnected node: B1
Cell sky130_fd_sc_hd__o21ai_1 disconnected node: VGND
Cell sky130_fd_sc_hd__o21ai_1 disconnected node: VNB
Cell sky130_fd_sc_hd__o21ai_1 disconnected node: VPB
Cell sky130_fd_sc_hd__o21ai_1 disconnected node: VPWR
Cell sky130_fd_sc_hd__o21ai_1 disconnected node: Y
Warning: Equate pins:  cell sky130_fd_sc_hd__o21ai_1 has no definition, treated as a black box.

Subcircuit pins:
Circuit 1: sky130_fd_sc_hd__o21ai_1        |Circuit 2: sky130_fd_sc_hd__o21ai_1        
-------------------------------------------|-------------------------------------------
A1                                         |A1                                         
A2                                         |A2                                         
B1                                         |B1                                         
VGND                                       |VGND                                       
VNB                                        |VNB                                        
VPB                                        |VPB                                        
VPWR                                       |VPWR                                       
Y                                          |Y                                          
---------------------------------------------------------------------------------------
Cell pin lists are equivalent.
Device classes sky130_fd_sc_hd__o21ai_1 and sky130_fd_sc_hd__o21ai_1 are equivalent.

Cell sky130_fd_sc_hd__buf_1 disconnected node: A
Cell sky130_fd_sc_hd__buf_1 disconnected node: VGND
Cell sky130_fd_sc_hd__buf_1 disconnected node: VNB
Cell sky130_fd_sc_hd__buf_1 disconnected node: VPB
Cell sky130_fd_sc_hd__buf_1 disconnected node: VPWR
Cell sky130_fd_sc_hd__buf_1 disconnected node: X
Warning: Equate pins:  cell sky130_fd_sc_hd__buf_1 has no definition, treated as a black box.

Subcircuit pins:
Circuit 1: sky130_fd_sc_hd__buf_1          |Circuit 2: sky130_fd_sc_hd__buf_1          
-------------------------------------------|-------------------------------------------
A                                          |A                                          
VGND                                       |VGND                                       
VNB                                        |VNB                                        
VPB                                        |VPB                                        
VPWR                                       |VPWR                                       
X                                          |X                                          
---------------------------------------------------------------------------------------
Cell pin lists are equivalent.
Device classes sky130_fd_sc_hd__buf_1 and sky130_fd_sc_hd__buf_1 are equivalent.

Cell sky130_fd_sc_hd__o221a_1 disconnected node: A1
Cell sky130_fd_sc_hd__o221a_1 disconnected node: A2
Cell sky130_fd_sc_hd__o221a_1 disconnected node: B1
Cell sky130_fd_sc_hd__o221a_1 disconnected node: B2
Cell sky130_fd_sc_hd__o221a_1 disconnected node: C1
Cell sky130_fd_sc_hd__o221a_1 disconnected node: VGND
Cell sky130_fd_sc_hd__o221a_1 disconnected node: VNB
Cell sky130_fd_sc_hd__o221a_1 disconnected node: VPB
Cell sky130_fd_sc_hd__o221a_1 disconnected node: VPWR
Cell sky130_fd_sc_hd__o221a_1 disconnected node: X
Warning: Equate pins:  cell sky130_fd_sc_hd__o221a_1 has no definition, treated as a black box.

Subcircuit pins:
Circuit 1: sky130_fd_sc_hd__o221a_1        |Circuit 2: sky130_fd_sc_hd__o221a_1        
-------------------------------------------|-------------------------------------------
A1                                         |A1                                         
A2                                         |A2                                         
B1                                         |B1                                         
B2                                         |B2                                         
C1                                         |C1                                         
VGND                                       |VGND                                       
VNB                                        |VNB                                        
VPB                                        |VPB                                        
VPWR                                       |VPWR                                       
X                                          |X                                          
---------------------------------------------------------------------------------------
Cell pin lists are equivalent.
Device classes sky130_fd_sc_hd__o221a_1 and sky130_fd_sc_hd__o221a_1 are equivalent.

Cell sky130_fd_sc_hd__a2bb2o_1 disconnected node: A1_N
Cell sky130_fd_sc_hd__a2bb2o_1 disconnected node: A2_N
Cell sky130_fd_sc_hd__a2bb2o_1 disconnected node: B1
Cell sky130_fd_sc_hd__a2bb2o_1 disconnected node: B2
Cell sky130_fd_sc_hd__a2bb2o_1 disconnected node: VGND
Cell sky130_fd_sc_hd__a2bb2o_1 disconnected node: VNB
Cell sky130_fd_sc_hd__a2bb2o_1 disconnected node: VPB
Cell sky130_fd_sc_hd__a2bb2o_1 disconnected node: VPWR
Cell sky130_fd_sc_hd__a2bb2o_1 disconnected node: X
Warning: Equate pins:  cell sky130_fd_sc_hd__a2bb2o_1 has no definition, treated as a black box.

Subcircuit pins:
Circuit 1: sky130_fd_sc_hd__a2bb2o_1       |Circuit 2: sky130_fd_sc_hd__a2bb2o_1       
-------------------------------------------|-------------------------------------------
A1_N                                       |A1_N                                       
A2_N                                       |A2_N                                       
B1                                         |B1                                         
B2                                         |B2                                         
VGND                                       |VGND                                       
VNB                                        |VNB                                        
VPB                                        |VPB                                        
VPWR                                       |VPWR                                       
X                                          |X                                          
---------------------------------------------------------------------------------------
Cell pin lists are equivalent.
Device classes sky130_fd_sc_hd__a2bb2o_1 and sky130_fd_sc_hd__a2bb2o_1 are equivalent.

Cell sky130_fd_sc_hd__o22a_1 disconnected node: A1
Cell sky130_fd_sc_hd__o22a_1 disconnected node: A2
Cell sky130_fd_sc_hd__o22a_1 disconnected node: B1
Cell sky130_fd_sc_hd__o22a_1 disconnected node: B2
Cell sky130_fd_sc_hd__o22a_1 disconnected node: VGND
Cell sky130_fd_sc_hd__o22a_1 disconnected node: VNB
Cell sky130_fd_sc_hd__o22a_1 disconnected node: VPB
Cell sky130_fd_sc_hd__o22a_1 disconnected node: VPWR
Cell sky130_fd_sc_hd__o22a_1 disconnected node: X
Warning: Equate pins:  cell sky130_fd_sc_hd__o22a_1 has no definition, treated as a black box.

Subcircuit pins:
Circuit 1: sky130_fd_sc_hd__o22a_1         |Circuit 2: sky130_fd_sc_hd__o22a_1         
-------------------------------------------|-------------------------------------------
A1                                         |A1                                         
A2                                         |A2                                         
B1                                         |B1                                         
B2                                         |B2                                         
VGND                                       |VGND                                       
VNB                                        |VNB                                        
VPB                                        |VPB                                        
VPWR                                       |VPWR                                       
X                                          |X                                          
---------------------------------------------------------------------------------------
Cell pin lists are equivalent.
Device classes sky130_fd_sc_hd__o22a_1 and sky130_fd_sc_hd__o22a_1 are equivalent.

Cell sky130_fd_sc_hd__a31oi_1 disconnected node: A1
Cell sky130_fd_sc_hd__a31oi_1 disconnected node: A2
Cell sky130_fd_sc_hd__a31oi_1 disconnected node: A3
Cell sky130_fd_sc_hd__a31oi_1 disconnected node: B1
Cell sky130_fd_sc_hd__a31oi_1 disconnected node: VGND
Cell sky130_fd_sc_hd__a31oi_1 disconnected node: VNB
Cell sky130_fd_sc_hd__a31oi_1 disconnected node: VPB
Cell sky130_fd_sc_hd__a31oi_1 disconnected node: VPWR
Cell sky130_fd_sc_hd__a31oi_1 disconnected node: Y
Warning: Equate pins:  cell sky130_fd_sc_hd__a31oi_1 has no definition, treated as a black box.

Subcircuit pins:
Circuit 1: sky130_fd_sc_hd__a31oi_1        |Circuit 2: sky130_fd_sc_hd__a31oi_1        
-------------------------------------------|-------------------------------------------
A1                                         |A1                                         
A2                                         |A2                                         
A3                                         |A3                                         
B1                                         |B1                                         
VGND                                       |VGND                                       
VNB                                        |VNB                                        
VPB                                        |VPB                                        
VPWR                                       |VPWR                                       
Y                                          |Y                                          
---------------------------------------------------------------------------------------
Cell pin lists are equivalent.
Device classes sky130_fd_sc_hd__a31oi_1 and sky130_fd_sc_hd__a31oi_1 are equivalent.

Cell sky130_fd_sc_hd__o211a_1 disconnected node: A1
Cell sky130_fd_sc_hd__o211a_1 disconnected node: A2
Cell sky130_fd_sc_hd__o211a_1 disconnected node: B1
Cell sky130_fd_sc_hd__o211a_1 disconnected node: C1
Cell sky130_fd_sc_hd__o211a_1 disconnected node: VGND
Cell sky130_fd_sc_hd__o211a_1 disconnected node: VNB
Cell sky130_fd_sc_hd__o211a_1 disconnected node: VPB
Cell sky130_fd_sc_hd__o211a_1 disconnected node: VPWR
Cell sky130_fd_sc_hd__o211a_1 disconnected node: X
Warning: Equate pins:  cell sky130_fd_sc_hd__o211a_1 has no definition, treated as a black box.

Subcircuit pins:
Circuit 1: sky130_fd_sc_hd__o211a_1        |Circuit 2: sky130_fd_sc_hd__o211a_1        
-------------------------------------------|-------------------------------------------
A1                                         |A1                                         
A2                                         |A2                                         
B1                                         |B1                                         
C1                                         |C1                                         
VGND                                       |VGND                                       
VNB                                        |VNB                                        
VPB                                        |VPB                                        
VPWR                                       |VPWR                                       
X                                          |X                                          
---------------------------------------------------------------------------------------
Cell pin lists are equivalent.
Device classes sky130_fd_sc_hd__o211a_1 and sky130_fd_sc_hd__o211a_1 are equivalent.

Cell sky130_fd_sc_hd__dfrtp_2 disconnected node: CLK
Cell sky130_fd_sc_hd__dfrtp_2 disconnected node: D
Cell sky130_fd_sc_hd__dfrtp_2 disconnected node: RESET_B
Cell sky130_fd_sc_hd__dfrtp_2 disconnected node: VGND
Cell sky130_fd_sc_hd__dfrtp_2 disconnected node: VNB
Cell sky130_fd_sc_hd__dfrtp_2 disconnected node: VPB
Cell sky130_fd_sc_hd__dfrtp_2 disconnected node: VPWR
Cell sky130_fd_sc_hd__dfrtp_2 disconnected node: Q
Warning: Equate pins:  cell sky130_fd_sc_hd__dfrtp_2 has no definition, treated as a black box.

Subcircuit pins:
Circuit 1: sky130_fd_sc_hd__dfrtp_2        |Circuit 2: sky130_fd_sc_hd__dfrtp_2        
-------------------------------------------|-------------------------------------------
CLK                                        |CLK                                        
D                                          |D                                          
RESET_B                                    |RESET_B                                    
VGND                                       |VGND                                       
VNB                                        |VNB                                        
VPB                                        |VPB                                        
VPWR                                       |VPWR                                       
Q                                          |Q                                          
---------------------------------------------------------------------------------------
Cell pin lists are equivalent.
Device classes sky130_fd_sc_hd__dfrtp_2 and sky130_fd_sc_hd__dfrtp_2 are equivalent.

Cell sky130_fd_sc_hd__dfrtp_4 disconnected node: CLK
Cell sky130_fd_sc_hd__dfrtp_4 disconnected node: D
Cell sky130_fd_sc_hd__dfrtp_4 disconnected node: RESET_B
Cell sky130_fd_sc_hd__dfrtp_4 disconnected node: VGND
Cell sky130_fd_sc_hd__dfrtp_4 disconnected node: VNB
Cell sky130_fd_sc_hd__dfrtp_4 disconnected node: VPB
Cell sky130_fd_sc_hd__dfrtp_4 disconnected node: VPWR
Cell sky130_fd_sc_hd__dfrtp_4 disconnected node: Q
Warning: Equate pins:  cell sky130_fd_sc_hd__dfrtp_4 has no definition, treated as a black box.

Subcircuit pins:
Circuit 1: sky130_fd_sc_hd__dfrtp_4        |Circuit 2: sky130_fd_sc_hd__dfrtp_4        
-------------------------------------------|-------------------------------------------
CLK                                        |CLK                                        
D                                          |D                                          
RESET_B                                    |RESET_B                                    
VGND                                       |VGND                                       
VNB                                        |VNB                                        
VPB                                        |VPB                                        
VPWR                                       |VPWR                                       
Q                                          |Q                                          
---------------------------------------------------------------------------------------
Cell pin lists are equivalent.
Device classes sky130_fd_sc_hd__dfrtp_4 and sky130_fd_sc_hd__dfrtp_4 are equivalent.

Cell sky130_fd_sc_hd__a21oi_1 disconnected node: A1
Cell sky130_fd_sc_hd__a21oi_1 disconnected node: A2
Cell sky130_fd_sc_hd__a21oi_1 disconnected node: B1
Cell sky130_fd_sc_hd__a21oi_1 disconnected node: VGND
Cell sky130_fd_sc_hd__a21oi_1 disconnected node: VNB
Cell sky130_fd_sc_hd__a21oi_1 disconnected node: VPB
Cell sky130_fd_sc_hd__a21oi_1 disconnected node: VPWR
Cell sky130_fd_sc_hd__a21oi_1 disconnected node: Y
Warning: Equate pins:  cell sky130_fd_sc_hd__a21oi_1 has no definition, treated as a black box.

Subcircuit pins:
Circuit 1: sky130_fd_sc_hd__a21oi_1        |Circuit 2: sky130_fd_sc_hd__a21oi_1        
-------------------------------------------|-------------------------------------------
A1                                         |A1                                         
A2                                         |A2                                         
B1                                         |B1                                         
VGND                                       |VGND                                       
VNB                                        |VNB                                        
VPB                                        |VPB                                        
VPWR                                       |VPWR                                       
Y                                          |Y                                          
---------------------------------------------------------------------------------------
Cell pin lists are equivalent.
Device classes sky130_fd_sc_hd__a21oi_1 and sky130_fd_sc_hd__a21oi_1 are equivalent.

Cell sky130_fd_sc_hd__o21a_1 disconnected node: A1
Cell sky130_fd_sc_hd__o21a_1 disconnected node: A2
Cell sky130_fd_sc_hd__o21a_1 disconnected node: B1
Cell sky130_fd_sc_hd__o21a_1 disconnected node: VGND
Cell sky130_fd_sc_hd__o21a_1 disconnected node: VNB
Cell sky130_fd_sc_hd__o21a_1 disconnected node: VPB
Cell sky130_fd_sc_hd__o21a_1 disconnected node: VPWR
Cell sky130_fd_sc_hd__o21a_1 disconnected node: X
Warning: Equate pins:  cell sky130_fd_sc_hd__o21a_1 has no definition, treated as a black box.

Subcircuit pins:
Circuit 1: sky130_fd_sc_hd__o21a_1         |Circuit 2: sky130_fd_sc_hd__o21a_1         
-------------------------------------------|-------------------------------------------
A1                                         |A1                                         
A2                                         |A2                                         
B1                                         |B1                                         
VGND                                       |VGND                                       
VNB                                        |VNB                                        
VPB                                        |VPB                                        
VPWR                                       |VPWR                                       
X                                          |X                                          
---------------------------------------------------------------------------------------
Cell pin lists are equivalent.
Device classes sky130_fd_sc_hd__o21a_1 and sky130_fd_sc_hd__o21a_1 are equivalent.

Cell sky130_fd_sc_hd__a21o_1 disconnected node: A1
Cell sky130_fd_sc_hd__a21o_1 disconnected node: A2
Cell sky130_fd_sc_hd__a21o_1 disconnected node: B1
Cell sky130_fd_sc_hd__a21o_1 disconnected node: VGND
Cell sky130_fd_sc_hd__a21o_1 disconnected node: VNB
Cell sky130_fd_sc_hd__a21o_1 disconnected node: VPB
Cell sky130_fd_sc_hd__a21o_1 disconnected node: VPWR
Cell sky130_fd_sc_hd__a21o_1 disconnected node: X
Warning: Equate pins:  cell sky130_fd_sc_hd__a21o_1 has no definition, treated as a black box.

Subcircuit pins:
Circuit 1: sky130_fd_sc_hd__a21o_1         |Circuit 2: sky130_fd_sc_hd__a21o_1         
-------------------------------------------|-------------------------------------------
A1                                         |A1                                         
A2                                         |A2                                         
B1                                         |B1                                         
VGND                                       |VGND                                       
VNB                                        |VNB                                        
VPB                                        |VPB                                        
VPWR                                       |VPWR                                       
X                                          |X                                          
---------------------------------------------------------------------------------------
Cell pin lists are equivalent.
Device classes sky130_fd_sc_hd__a21o_1 and sky130_fd_sc_hd__a21o_1 are equivalent.

Cell sky130_fd_sc_hd__o22ai_1 disconnected node: A1
Cell sky130_fd_sc_hd__o22ai_1 disconnected node: A2
Cell sky130_fd_sc_hd__o22ai_1 disconnected node: B1
Cell sky130_fd_sc_hd__o22ai_1 disconnected node: B2
Cell sky130_fd_sc_hd__o22ai_1 disconnected node: VGND
Cell sky130_fd_sc_hd__o22ai_1 disconnected node: VNB
Cell sky130_fd_sc_hd__o22ai_1 disconnected node: VPB
Cell sky130_fd_sc_hd__o22ai_1 disconnected node: VPWR
Cell sky130_fd_sc_hd__o22ai_1 disconnected node: Y
Warning: Equate pins:  cell sky130_fd_sc_hd__o22ai_1 has no definition, treated as a black box.

Subcircuit pins:
Circuit 1: sky130_fd_sc_hd__o22ai_1        |Circuit 2: sky130_fd_sc_hd__o22ai_1        
-------------------------------------------|-------------------------------------------
A1                                         |A1                                         
A2                                         |A2                                         
B1                                         |B1                                         
B2                                         |B2                                         
VGND                                       |VGND                                       
VNB                                        |VNB                                        
VPB                                        |VPB                                        
VPWR                                       |VPWR                                       
Y                                          |Y                                          
---------------------------------------------------------------------------------------
Cell pin lists are equivalent.
Device classes sky130_fd_sc_hd__o22ai_1 and sky130_fd_sc_hd__o22ai_1 are equivalent.

Cell sky130_fd_sc_hd__or3_1 disconnected node: A
Cell sky130_fd_sc_hd__or3_1 disconnected node: B
Cell sky130_fd_sc_hd__or3_1 disconnected node: C
Cell sky130_fd_sc_hd__or3_1 disconnected node: VGND
Cell sky130_fd_sc_hd__or3_1 disconnected node: VNB
Cell sky130_fd_sc_hd__or3_1 disconnected node: VPB
Cell sky130_fd_sc_hd__or3_1 disconnected node: VPWR
Cell sky130_fd_sc_hd__or3_1 disconnected node: X
Warning: Equate pins:  cell sky130_fd_sc_hd__or3_1 has no definition, treated as a black box.

Subcircuit pins:
Circuit 1: sky130_fd_sc_hd__or3_1          |Circuit 2: sky130_fd_sc_hd__or3_1          
-------------------------------------------|-------------------------------------------
A                                          |A                                          
B                                          |B                                          
C                                          |C                                          
VGND                                       |VGND                                       
VNB                                        |VNB                                        
VPB                                        |VPB                                        
VPWR                                       |VPWR                                       
X                                          |X                                          
---------------------------------------------------------------------------------------
Cell pin lists are equivalent.
Device classes sky130_fd_sc_hd__or3_1 and sky130_fd_sc_hd__or3_1 are equivalent.

Cell sky130_fd_sc_hd__and3_1 disconnected node: A
Cell sky130_fd_sc_hd__and3_1 disconnected node: B
Cell sky130_fd_sc_hd__and3_1 disconnected node: C
Cell sky130_fd_sc_hd__and3_1 disconnected node: VGND
Cell sky130_fd_sc_hd__and3_1 disconnected node: VNB
Cell sky130_fd_sc_hd__and3_1 disconnected node: VPB
Cell sky130_fd_sc_hd__and3_1 disconnected node: VPWR
Cell sky130_fd_sc_hd__and3_1 disconnected node: X
Warning: Equate pins:  cell sky130_fd_sc_hd__and3_1 has no definition, treated as a black box.

Subcircuit pins:
Circuit 1: sky130_fd_sc_hd__and3_1         |Circuit 2: sky130_fd_sc_hd__and3_1         
-------------------------------------------|-------------------------------------------
A                                          |A                                          
B                                          |B                                          
C                                          |C                                          
VGND                                       |VGND                                       
VNB                                        |VNB                                        
VPB                                        |VPB                                        
VPWR                                       |VPWR                                       
X                                          |X                                          
---------------------------------------------------------------------------------------
Cell pin lists are equivalent.
Device classes sky130_fd_sc_hd__and3_1 and sky130_fd_sc_hd__and3_1 are equivalent.

Cell Multiplier_STG disconnected node: word2[1]
Cell Multiplier_STG disconnected node: word2[2]
Cell Multiplier_STG disconnected node: word2[3]

Cell Multiplier_STG disconnected node: word2[3]
Cell Multiplier_STG disconnected node: word2[2]
Cell Multiplier_STG disconnected node: word2[1]
Class Multiplier_STG:  Merged 3408 devices.
Class Multiplier_STG:  Merged 3408 devices.

Cell Multiplier_STG disconnected node: word2[1]
Cell Multiplier_STG disconnected node: word2[2]
Cell Multiplier_STG disconnected node: word2[3]

Cell Multiplier_STG disconnected node: word2[3]
Cell Multiplier_STG disconnected node: word2[2]
Cell Multiplier_STG disconnected node: word2[1]

Subcircuit summary:
Circuit 1: Multiplier_STG                  |Circuit 2: Multiplier_STG                  
-------------------------------------------|-------------------------------------------
sky130_fd_sc_hd__tapvpwrvgnd_1 (1)         |sky130_fd_sc_hd__tapvpwrvgnd_1 (1)         
sky130_fd_sc_hd__decap_12 (1)              |sky130_fd_sc_hd__decap_12 (1)              
sky130_fd_sc_hd__decap_6 (1)               |sky130_fd_sc_hd__decap_6 (1)               
sky130_fd_sc_hd__fill_1 (1)                |sky130_fd_sc_hd__fill_1 (1)                
sky130_fd_sc_hd__decap_4 (1)               |sky130_fd_sc_hd__decap_4 (1)               
sky130_fd_sc_hd__inv_2 (16)                |sky130_fd_sc_hd__inv_2 (16)                
sky130_fd_sc_hd__fill_2 (1)                |sky130_fd_sc_hd__fill_2 (1)                
sky130_fd_sc_hd__or2_1 (6)                 |sky130_fd_sc_hd__or2_1 (6)                 
sky130_fd_sc_hd__nand2_1 (4)               |sky130_fd_sc_hd__nand2_1 (4)               
sky130_fd_sc_hd__a22o_1 (6)                |sky130_fd_sc_hd__a22o_1 (6)                
sky130_fd_sc_hd__clkbuf_2 (11)             |sky130_fd_sc_hd__clkbuf_2 (11)             
sky130_fd_sc_hd__decap_8 (1)               |sky130_fd_sc_hd__decap_8 (1)               
sky130_fd_sc_hd__decap_3 (1)               |sky130_fd_sc_hd__decap_3 (1)               
sky130_fd_sc_hd__o2bb2a_1 (2)              |sky130_fd_sc_hd__o2bb2a_1 (2)              
sky130_fd_sc_hd__nor2_1 (2)                |sky130_fd_sc_hd__nor2_1 (2)                
sky130_fd_sc_hd__clkbuf_16 (3)             |sky130_fd_sc_hd__clkbuf_16 (3)             
sky130_fd_sc_hd__dfrtp_1 (10)              |sky130_fd_sc_hd__dfrtp_1 (10)              
sky130_fd_sc_hd__clkbuf_1 (16)             |sky130_fd_sc_hd__clkbuf_1 (16)             
sky130_fd_sc_hd__a32o_1 (6)                |sky130_fd_sc_hd__a32o_1 (6)                
sky130_fd_sc_hd__a31o_1 (2)                |sky130_fd_sc_hd__a31o_1 (2)                
sky130_fd_sc_hd__and4_1 (1)                |sky130_fd_sc_hd__and4_1 (1)                
sky130_fd_sc_hd__o311a_1 (1)               |sky130_fd_sc_hd__o311a_1 (1)               
sky130_fd_sc_hd__dlymetal6s2s_1 (5)        |sky130_fd_sc_hd__dlymetal6s2s_1 (5)        
sky130_fd_sc_hd__o21ai_1 (3)               |sky130_fd_sc_hd__o21ai_1 (3)               
sky130_fd_sc_hd__buf_1 (8)                 |sky130_fd_sc_hd__buf_1 (8)                 
sky130_fd_sc_hd__o221a_1 (1)               |sky130_fd_sc_hd__o221a_1 (1)               
sky130_fd_sc_hd__a2bb2o_1 (1)              |sky130_fd_sc_hd__a2bb2o_1 (1)              
sky130_fd_sc_hd__o22a_1 (1)                |sky130_fd_sc_hd__o22a_1 (1)                
sky130_fd_sc_hd__a31oi_1 (2)               |sky130_fd_sc_hd__a31oi_1 (2)               
sky130_fd_sc_hd__o211a_1 (1)               |sky130_fd_sc_hd__o211a_1 (1)               
sky130_fd_sc_hd__dfrtp_2 (2)               |sky130_fd_sc_hd__dfrtp_2 (2)               
sky130_fd_sc_hd__dfrtp_4 (5)               |sky130_fd_sc_hd__dfrtp_4 (5)               
sky130_fd_sc_hd__a21oi_1 (1)               |sky130_fd_sc_hd__a21oi_1 (1)               
sky130_fd_sc_hd__o21a_1 (1)                |sky130_fd_sc_hd__o21a_1 (1)                
sky130_fd_sc_hd__a21o_1 (2)                |sky130_fd_sc_hd__a21o_1 (2)                
sky130_fd_sc_hd__o22ai_1 (1)               |sky130_fd_sc_hd__o22ai_1 (1)               
sky130_fd_sc_hd__or3_1 (1)                 |sky130_fd_sc_hd__or3_1 (1)                 
sky130_fd_sc_hd__and3_1 (1)                |sky130_fd_sc_hd__and3_1 (1)                
Number of devices: 130                     |Number of devices: 130                     
Number of nets: 132                        |Number of nets: 132                        
---------------------------------------------------------------------------------------
Circuits match uniquely.
Netlists match uniquely.

Subcircuit pins:
Circuit 1: Multiplier_STG                  |Circuit 2: Multiplier_STG                  
-------------------------------------------|-------------------------------------------
clock                                      |clock                                      
word1[3]                                   |word1[3]                                   
word1[1]                                   |word1[1]                                   
word1[2]                                   |word1[2]                                   
word1[0]                                   |word1[0]                                   
word2[0]                                   |word2[0]                                   
Start                                      |Start                                      
reset                                      |reset                                      
product[3]                                 |product[3]                                 
product[5]                                 |product[5]                                 
product[4]                                 |product[4]                                 
product[6]                                 |product[6]                                 
product[2]                                 |product[2]                                 
product[1]                                 |product[1]                                 
product[7]                                 |product[7]                                 
Ready                                      |Ready                                      
product[0]                                 |product[0]                                 
VGND                                       |VGND                                       
VPWR                                       |VPWR                                       
(no matching pin)                          |word2[3]                                   
(no matching pin)                          |word2[2]                                   
(no matching pin)                          |word2[1]                                   
---------------------------------------------------------------------------------------
Cell pin lists are equivalent.
Device classes Multiplier_STG and Multiplier_STG are equivalent.
Circuits match uniquely.
