min_max_report
Startpoint: reset (input port clocked by clock)
Endpoint: _171_ (removal check against rising-edge clock clock)
Path Group: **async_default**
Path Type: min

Fanout     Cap    Slew   Delay    Time   Description
-----------------------------------------------------------------------------
                  0.00    0.00    0.00   clock clock (rise edge)
                          0.00    0.00   clock network delay (ideal)
                         20.00   20.00 v input external delay
                  0.01    0.00   20.00 v reset (in)
     1    0.01                           reset (net)
                  0.01    0.00   20.00 v _088_/A (sky130_fd_sc_hd__inv_2)
                  0.04    0.04   20.04 ^ _088_/Y (sky130_fd_sc_hd__inv_2)
     2    0.01                           _058_ (net)
                  0.04    0.00   20.04 ^ _145_/A (sky130_fd_sc_hd__buf_1)
                  0.14    0.13   20.17 ^ _145_/X (sky130_fd_sc_hd__buf_1)
     5    0.02                           _043_ (net)
                  0.14    0.00   20.17 ^ _150_/A (sky130_fd_sc_hd__buf_1)
                  0.04    0.06   20.23 ^ _150_/X (sky130_fd_sc_hd__buf_1)
     1    0.00                           _004_ (net)
                  0.04    0.00   20.23 ^ _171_/RESET_B (sky130_fd_sc_hd__dfrtp_2)
                                 20.23   data arrival time

                  0.00    0.00    0.00   clock clock (rise edge)
                          0.00    0.00   clock network delay (ideal)
                          0.00    0.00   clock reconvergence pessimism
                                  0.00 ^ _171_/CLK (sky130_fd_sc_hd__dfrtp_2)
                          0.21    0.21   library removal time
                                  0.21   data required time
-----------------------------------------------------------------------------
                                  0.21   data required time
                                -20.23   data arrival time
-----------------------------------------------------------------------------
                                 20.02   slack (MET)


Startpoint: _180_ (rising edge-triggered flip-flop clocked by clock)
Endpoint: _180_ (rising edge-triggered flip-flop clocked by clock)
Path Group: clock
Path Type: min

Fanout     Cap    Slew   Delay    Time   Description
-----------------------------------------------------------------------------
                  0.00    0.00    0.00   clock clock (rise edge)
                          0.00    0.00   clock network delay (ideal)
                  0.00    0.00    0.00 ^ _180_/CLK (sky130_fd_sc_hd__dfrtp_2)
                  0.04    0.23    0.23 ^ _180_/Q (sky130_fd_sc_hd__dfrtp_2)
     2    0.01                           M1_Datapath.multiplicand[0] (net)
                  0.04    0.00    0.23 ^ _095_/A1 (sky130_fd_sc_hd__a22o_2)
                  0.02    0.07    0.30 ^ _095_/X (sky130_fd_sc_hd__a22o_2)
     1    0.00                           _026_ (net)
                  0.02    0.00    0.30 ^ _180_/D (sky130_fd_sc_hd__dfrtp_2)
                                  0.30   data arrival time

                  0.00    0.00    0.00   clock clock (rise edge)
                          0.00    0.00   clock network delay (ideal)
                          0.00    0.00   clock reconvergence pessimism
                                  0.00 ^ _180_/CLK (sky130_fd_sc_hd__dfrtp_2)
                         -0.02   -0.02   library hold time
                                 -0.02   data required time
-----------------------------------------------------------------------------
                                 -0.02   data required time
                                 -0.30   data arrival time
-----------------------------------------------------------------------------
                                  0.32   slack (MET)


Startpoint: reset (input port clocked by clock)
Endpoint: _181_ (recovery check against rising-edge clock clock)
Path Group: **async_default**
Path Type: max

Fanout     Cap    Slew   Delay    Time   Description
-----------------------------------------------------------------------------
                  0.00    0.00    0.00   clock clock (rise edge)
                          0.00    0.00   clock network delay (ideal)
                         20.00   20.00 v input external delay
                  0.02    0.01   20.01 v reset (in)
     1    0.01                           reset (net)
                  0.02    0.00   20.01 v _088_/A (sky130_fd_sc_hd__inv_2)
                  0.08    0.08   20.09 ^ _088_/Y (sky130_fd_sc_hd__inv_2)
     2    0.01                           _058_ (net)
                  0.08    0.00   20.09 ^ _089_/A (sky130_fd_sc_hd__buf_1)
                  0.33    0.35   20.44 ^ _089_/X (sky130_fd_sc_hd__buf_1)
     5    0.02                           _059_ (net)
                  0.33    0.00   20.44 ^ _090_/A (sky130_fd_sc_hd__buf_1)
                  0.29    0.40   20.84 ^ _090_/X (sky130_fd_sc_hd__buf_1)
     5    0.01                           _015_ (net)
                  0.29    0.00   20.84 ^ _092_/A (sky130_fd_sc_hd__buf_1)
                  0.09    0.24   21.09 ^ _092_/X (sky130_fd_sc_hd__buf_1)
     1    0.00                           _014_ (net)
                  0.09    0.00   21.09 ^ _181_/RESET_B (sky130_fd_sc_hd__dfrtp_2)
                                 21.09   data arrival time

                  0.00  100.00  100.00   clock clock (rise edge)
                          0.00  100.00   clock network delay (ideal)
                          0.00  100.00   clock reconvergence pessimism
                                100.00 ^ _181_/CLK (sky130_fd_sc_hd__dfrtp_2)
                          0.43  100.43   library recovery time
                                100.43   data required time
-----------------------------------------------------------------------------
                                100.43   data required time
                                -21.09   data arrival time
-----------------------------------------------------------------------------
                                 79.35   slack (MET)


Startpoint: reset (input port clocked by clock)
Endpoint: Ready (output port clocked by clock)
Path Group: clock
Path Type: max

Fanout     Cap    Slew   Delay    Time   Description
-----------------------------------------------------------------------------
                  0.00    0.00    0.00   clock clock (rise edge)
                          0.00    0.00   clock network delay (ideal)
                         20.00   20.00 v input external delay
                  0.02    0.01   20.01 v reset (in)
     1    0.01                           reset (net)
                  0.02    0.00   20.01 v _088_/A (sky130_fd_sc_hd__inv_2)
                  0.08    0.08   20.09 ^ _088_/Y (sky130_fd_sc_hd__inv_2)
     2    0.01                           _058_ (net)
                  0.08    0.00   20.09 ^ _089_/A (sky130_fd_sc_hd__buf_1)
                  0.33    0.35   20.44 ^ _089_/X (sky130_fd_sc_hd__buf_1)
     5    0.02                           _059_ (net)
                  0.33    0.00   20.44 ^ _158_/A1 (sky130_fd_sc_hd__o21a_2)
                  0.27    0.53   20.96 ^ _158_/X (sky130_fd_sc_hd__o21a_2)
     1    0.02                           Ready (net)
                  0.27    0.00   20.97 ^ Ready (out)
                                 20.97   data arrival time

                  0.00  100.00  100.00   clock clock (rise edge)
                          0.00  100.00   clock network delay (ideal)
                          0.00  100.00   clock reconvergence pessimism
                        -20.00   80.00   output external delay
                                 80.00   data required time
-----------------------------------------------------------------------------
                                 80.00   data required time
                                -20.97   data arrival time
-----------------------------------------------------------------------------
                                 59.03   slack (MET)


