Wed Dec 08 17:25:28 UTC 2021 - Executing "openroad -python /openLANE_flow/scripts/extract_metal_layers.py -t /home/MSUCAP/is.ibrahim/pdk/sky130A/libs.ref/sky130_fd_sc_hd/techlef/sky130_fd_sc_hd.tlef -o /openLANE_flow/designs/Multiplier_RR/runs/08-12_17-25/tmp/met_layers_list.txt"

Wed Dec 08 17:25:29 UTC 2021 - Executing "/openLANE_flow/scripts/mergeLef.py -i /home/MSUCAP/is.ibrahim/pdk/sky130A/libs.ref/sky130_fd_sc_hd/techlef/sky130_fd_sc_hd.tlef {/home/MSUCAP/is.ibrahim/pdk/sky130A/libs.ref/sky130_fd_sc_hd/lef/sky130_ef_sc_hd__decap_12.lef /home/MSUCAP/is.ibrahim/pdk/sky130A/libs.ref/sky130_fd_sc_hd/lef/sky130_ef_sc_hd__fakediode_2.lef /home/MSUCAP/is.ibrahim/pdk/sky130A/libs.ref/sky130_fd_sc_hd/lef/sky130_fd_sc_hd.lef /home/MSUCAP/is.ibrahim/pdk/sky130A/libs.ref/sky130_fd_sc_hd/lef/sky130_ef_sc_hd__fill_8.lef /home/MSUCAP/is.ibrahim/pdk/sky130A/libs.ref/sky130_fd_sc_hd/lef/sky130_ef_sc_hd__fill_12.lef} -o /openLANE_flow/designs/Multiplier_RR/runs/08-12_17-25/tmp/merged_unpadded.lef |& tee >&@stdout"

Wed Dec 08 17:25:29 UTC 2021 - Executing "/openLANE_flow/scripts/libtrim.pl /home/MSUCAP/is.ibrahim/pdk/sky130A/libs.ref/sky130_fd_sc_hd/lib/sky130_fd_sc_hd__tt_025C_1v80.lib /openLANE_flow/designs/Multiplier_RR/runs/08-12_17-25/tmp/trimmed.lib.exclude.list > /openLANE_flow/designs/Multiplier_RR/runs/08-12_17-25/tmp/trimmed.lib"

Wed Dec 08 17:25:29 UTC 2021 - Executing "openroad -python /openLANE_flow/scripts/new_tracks.py -i /home/MSUCAP/is.ibrahim/pdk/sky130A/libs.tech/openlane/sky130_fd_sc_hd/tracks.info -o /openLANE_flow/designs/Multiplier_RR/runs/08-12_17-25/tmp/config.tracks"

Wed Dec 08 17:25:31 UTC 2021 - Executing "echo {openlane 2021.09.09_03.00.48} > /openLANE_flow/designs/Multiplier_RR/runs/08-12_17-25/OPENLANE_VERSION"

Wed Dec 08 17:25:31 UTC 2021 - Executing "sed -E {s/^([[:space:]]+)pg_pin(.*)/\1pin\2\n\1    direction : "inout";/g} /home/MSUCAP/is.ibrahim/pdk/sky130A/libs.ref/sky130_fd_sc_hd/lib/sky130_fd_sc_hd__tt_025C_1v80.lib > /openLANE_flow/designs/Multiplier_RR/runs/08-12_17-25/tmp/sky130_fd_sc_hd__tt_025C_1v80.no_pg.lib"

Wed Dec 08 17:25:31 UTC 2021 - Executing "yosys -c /openLANE_flow/scripts/synth.tcl -l /openLANE_flow/designs/Multiplier_RR/runs/08-12_17-25/logs/synthesis/1-yosys.log |& tee >&@stdout"

Wed Dec 08 17:25:32 UTC 2021 - Executing "sed -i -e {s/\(set ::env(CURRENT_NETLIST)\).*/\1 \/openLANE_flow\/designs\/Multiplier_RR\/runs\/08-12_17-25\/results\/synthesis\/Multiplier_RR.synthesis.v/} /openLANE_flow/designs/Multiplier_RR/runs/08-12_17-25/config.tcl"

Wed Dec 08 17:25:32 UTC 2021 - Executing "sed -i -e {s/\(set ::env(PREV_NETLIST)\).*/\1 0/} /openLANE_flow/designs/Multiplier_RR/runs/08-12_17-25/config.tcl"

Wed Dec 08 17:25:32 UTC 2021 - Executing "sed -i /defparam/d /openLANE_flow/designs/Multiplier_RR/runs/08-12_17-25/results/synthesis/Multiplier_RR.synthesis.v"

Wed Dec 08 17:25:32 UTC 2021 - Executing "openroad -exit /openLANE_flow/scripts/sta.tcl |& tee >&@stdout /openLANE_flow/designs/Multiplier_RR/runs/08-12_17-25/logs/synthesis/2-opensta"

Wed Dec 08 17:25:35 UTC 2021 - Executing "openroad -exit /openLANE_flow/scripts/openroad/or_floorplan.tcl |& tee >&@stdout /openLANE_flow/designs/Multiplier_RR/runs/08-12_17-25/logs/floorplan/3-verilog2def.openroad.log"

Wed Dec 08 17:25:37 UTC 2021 - Executing "openroad -exit /openLANE_flow/scripts/openroad/or_ioplacer.tcl |& tee >&@stdout /openLANE_flow/designs/Multiplier_RR/runs/08-12_17-25/logs/floorplan/4-ioPlacer.log"

Wed Dec 08 17:25:38 UTC 2021 - Executing "openroad -exit /openLANE_flow/scripts/openroad/or_tapcell.tcl |& tee >&@stdout /openLANE_flow/designs/Multiplier_RR/runs/08-12_17-25/logs/floorplan/5-tapcell.log"

Wed Dec 08 17:25:40 UTC 2021 - Executing "openroad -exit /openLANE_flow/scripts/openroad/or_pdn.tcl |& tee >&@stdout /openLANE_flow/designs/Multiplier_RR/runs/08-12_17-25/logs/floorplan/6-pdn.log"

Wed Dec 08 17:25:42 UTC 2021 - Executing "openroad -exit /openLANE_flow/scripts/openroad/or_replace.tcl |& tee >&@stdout /openLANE_flow/designs/Multiplier_RR/runs/08-12_17-25/logs/placement/7-replace.log"

Wed Dec 08 17:25:45 UTC 2021 - Executing "openroad -exit /openLANE_flow/scripts/openroad/or_resizer.tcl |& tee >&@stdout /openLANE_flow/designs/Multiplier_RR/runs/08-12_17-25/logs/placement/7-resizer.log"

Wed Dec 08 17:25:47 UTC 2021 - Executing "openroad -exit /openLANE_flow/scripts/openroad/or_write_verilog.tcl |& tee >&@stdout /openLANE_flow/designs/Multiplier_RR/runs/08-12_17-25/logs/8-write_verilog.log"

Wed Dec 08 17:25:48 UTC 2021 - Executing "sed -i -e {s/\(set ::env(CURRENT_NETLIST)\).*/\1 \/openLANE_flow\/designs\/Multiplier_RR\/runs\/08-12_17-25\/results\/synthesis\/Multiplier_RR.synthesis_optimized.v/} /openLANE_flow/designs/Multiplier_RR/runs/08-12_17-25/config.tcl"

Wed Dec 08 17:25:48 UTC 2021 - Executing "sed -i -e {s/\(set ::env(PREV_NETLIST)\).*/\1 \/openLANE_flow\/designs\/Multiplier_RR\/runs\/08-12_17-25\/results\/synthesis\/Multiplier_RR.synthesis.v/} /openLANE_flow/designs/Multiplier_RR/runs/08-12_17-25/config.tcl"

Wed Dec 08 17:25:48 UTC 2021 - Executing "openroad -exit /openLANE_flow/scripts/sta.tcl |& tee >&@stdout /openLANE_flow/designs/Multiplier_RR/runs/08-12_17-25/logs/synthesis/9-opensta_post_resizer"

Wed Dec 08 17:25:51 UTC 2021 - Executing "openroad -exit /openLANE_flow/scripts/openroad/or_opendp.tcl |& tee >&@stdout /openLANE_flow/designs/Multiplier_RR/runs/08-12_17-25/logs/placement/10-opendp.log"

Wed Dec 08 17:25:53 UTC 2021 - Executing "/openLANE_flow/scripts/libtrim.pl /home/MSUCAP/is.ibrahim/pdk/sky130A/libs.ref/sky130_fd_sc_hd/lib/sky130_fd_sc_hd__tt_025C_1v80.lib /openLANE_flow/designs/Multiplier_RR/runs/08-12_17-25/tmp/cts.lib.exclude.list > /openLANE_flow/designs/Multiplier_RR/runs/08-12_17-25/tmp/cts.lib"

Wed Dec 08 17:25:53 UTC 2021 - Executing "openroad -exit /openLANE_flow/scripts/openroad/or_cts.tcl |& tee >&@stdout /openLANE_flow/designs/Multiplier_RR/runs/08-12_17-25/logs/cts/11-cts.log"

Wed Dec 08 17:25:55 UTC 2021 - Executing "openroad -python /openLANE_flow/generate_reports.py -d /openLANE_flow/designs/Multiplier_RR -dn Multiplier_RR -t 08-12_17-25 -o /openLANE_flow/designs/Multiplier_RR/runs/08-12_17-25/reports/final_summary_report.csv -m /openLANE_flow/designs/Multiplier_RR/runs/08-12_17-25/reports/manufacturability_report.rpt -rs /openLANE_flow/designs/Multiplier_RR/runs/08-12_17-25/reports/runtime_summary_report.rpt -r /openLANE_flow/designs/Multiplier_RR/runs/08-12_17-25"

