
29. Printing statistics.

=== Multiplier_RR ===

   Number of wires:                129
   Number of wire bits:            142
   Number of public wires:          17
   Number of public wire bits:      30
   Number of memories:               0
   Number of memory bits:            0
   Number of processes:              0
   Number of cells:                131
     sky130_fd_sc_hd__a21oi_2        2
     sky130_fd_sc_hd__a22o_2        10
     sky130_fd_sc_hd__a31o_2         3
     sky130_fd_sc_hd__a31oi_2        1
     sky130_fd_sc_hd__a32o_2         4
     sky130_fd_sc_hd__a41o_2         1
     sky130_fd_sc_hd__and3_2         5
     sky130_fd_sc_hd__buf_1         27
     sky130_fd_sc_hd__dfrtp_2       17
     sky130_fd_sc_hd__inv_2         17
     sky130_fd_sc_hd__mux2_1        15
     sky130_fd_sc_hd__mux2_2         4
     sky130_fd_sc_hd__nor2_2         9
     sky130_fd_sc_hd__nor4_2         1
     sky130_fd_sc_hd__o21a_2         1
     sky130_fd_sc_hd__o21ai_2        1
     sky130_fd_sc_hd__o2bb2a_2       7
     sky130_fd_sc_hd__or2_2          4
     sky130_fd_sc_hd__or3_2          2

   Chip area for module '\Multiplier_RR': 1281.228800

