min_max_report
Startpoint: _234_ (rising edge-triggered flip-flop)
Endpoint: product[7] (output port clocked by clk)
Path Group: clk
Path Type: min

Fanout     Cap    Slew   Delay    Time   Description
-----------------------------------------------------------------------------
                  0.08    0.00    0.00 ^ _234_/CLK (sky130_fd_sc_hd__dfrtp_1)
                  0.05    0.23    0.23 ^ _234_/Q (sky130_fd_sc_hd__dfrtp_1)
     3    0.01                           net20 (net)
                  0.05    0.00    0.23 ^ output20/A (sky130_fd_sc_hd__clkbuf_2)
                  0.08    0.11    0.33 ^ output20/X (sky130_fd_sc_hd__clkbuf_2)
     1    0.02                           product[7] (net)
                  0.08    0.00    0.33 ^ product[7] (out)
                                  0.33   data arrival time

                  0.00    0.00    0.00   clock clk (rise edge)
                          0.00    0.00   clock network delay (ideal)
                          0.00    0.00   clock reconvergence pessimism
                        -20.00  -20.00   output external delay
                                -20.00   data required time
-----------------------------------------------------------------------------
                                -20.00   data required time
                                 -0.33   data arrival time
-----------------------------------------------------------------------------
                                 20.33   slack (MET)


Startpoint: reset (input port clocked by clk)
Endpoint: Ready (output port clocked by clk)
Path Group: clk
Path Type: max

Fanout     Cap    Slew   Delay    Time   Description
-----------------------------------------------------------------------------
                  0.00    0.00    0.00   clock clk (rise edge)
                          0.00    0.00   clock network delay (ideal)
                         20.00   20.00 v input external delay
                  0.01    0.00   20.00 v reset (in)
     1    0.00                           reset (net)
                  0.01    0.00   20.00 v input3/A (sky130_fd_sc_hd__clkbuf_2)
                  0.07    0.17   20.17 v input3/X (sky130_fd_sc_hd__clkbuf_2)
     2    0.01                           net3 (net)
                  0.07    0.00   20.17 v _187_/A (sky130_fd_sc_hd__nor2_1)
                  0.12    0.15   20.33 ^ _187_/Y (sky130_fd_sc_hd__nor2_1)
     1    0.00                           net12 (net)
                  0.12    0.00   20.33 ^ output12/A (sky130_fd_sc_hd__clkbuf_2)
                  0.16    0.28   20.61 ^ output12/X (sky130_fd_sc_hd__clkbuf_2)
     1    0.02                           Ready (net)
                  0.16    0.00   20.61 ^ Ready (out)
                                 20.61   data arrival time

                  0.00  100.00  100.00   clock clk (rise edge)
                          0.00  100.00   clock network delay (ideal)
                          0.00  100.00   clock reconvergence pessimism
                        -20.00   80.00   output external delay
                                 80.00   data required time
-----------------------------------------------------------------------------
                                 80.00   data required time
                                -20.61   data arrival time
-----------------------------------------------------------------------------
                                 59.39   slack (MET)


