
29. Printing statistics.

=== Multiplier_STG ===

   Number of wires:                101
   Number of wire bits:            114
   Number of public wires:          20
   Number of public wire bits:      33
   Number of memories:               0
   Number of memory bits:            0
   Number of processes:              0
   Number of cells:                103
     sky130_fd_sc_hd__a21o_2         2
     sky130_fd_sc_hd__a21oi_2        1
     sky130_fd_sc_hd__a22o_2         6
     sky130_fd_sc_hd__a2bb2o_2       1
     sky130_fd_sc_hd__a31o_2         2
     sky130_fd_sc_hd__a31oi_2        2
     sky130_fd_sc_hd__a32o_2         6
     sky130_fd_sc_hd__and3_2         1
     sky130_fd_sc_hd__and4_2         1
     sky130_fd_sc_hd__buf_1         24
     sky130_fd_sc_hd__dfrtp_2       17
     sky130_fd_sc_hd__inv_2         16
     sky130_fd_sc_hd__nand2_2        4
     sky130_fd_sc_hd__nor2_2         2
     sky130_fd_sc_hd__o211a_2        1
     sky130_fd_sc_hd__o21a_2         1
     sky130_fd_sc_hd__o21ai_2        3
     sky130_fd_sc_hd__o221a_2        1
     sky130_fd_sc_hd__o22a_2         1
     sky130_fd_sc_hd__o22ai_2        1
     sky130_fd_sc_hd__o2bb2a_2       2
     sky130_fd_sc_hd__o311a_2        1
     sky130_fd_sc_hd__or2_2          6
     sky130_fd_sc_hd__or3_2          1

   Chip area for module '\Multiplier_STG': 1017.225600

