min_max_report
Startpoint: reset (input port clocked by clock)
Endpoint: _172_ (removal check against rising-edge clock clock)
Path Group: **async_default**
Path Type: min

Fanout     Cap    Slew   Delay    Time   Description
-----------------------------------------------------------------------------
                  0.00    0.00    0.00   clock clock (rise edge)
                          0.00    0.00   clock network delay (ideal)
                         20.00   20.00 v input external delay
                  0.00    0.00   20.00 v reset (in)
     1    0.00                           reset (net)
                  0.00    0.00   20.00 v input2/A (sky130_fd_sc_hd__buf_1)
                  0.06    0.08   20.08 v input2/X (sky130_fd_sc_hd__buf_1)
     1    0.02                           net2 (net)
                  0.06    0.00   20.08 v _088_/A (sky130_fd_sc_hd__inv_2)
                  0.06    0.07   20.15 ^ _088_/Y (sky130_fd_sc_hd__inv_2)
     2    0.01                           _058_ (net)
                  0.06    0.00   20.15 ^ _145_/A (sky130_fd_sc_hd__dlymetal6s2s_1)
                  0.18    0.17   20.32 ^ _145_/X (sky130_fd_sc_hd__dlymetal6s2s_1)
     5    0.02                           _043_ (net)
                  0.18    0.00   20.32 ^ _146_/A (sky130_fd_sc_hd__clkbuf_1)
                  0.04    0.07   20.39 ^ _146_/X (sky130_fd_sc_hd__clkbuf_1)
     1    0.00                           _005_ (net)
                  0.04    0.00   20.39 ^ _172_/RESET_B (sky130_fd_sc_hd__dfrtp_4)
                                 20.39   data arrival time

                  0.00    0.00    0.00   clock clock (rise edge)
                          0.00    0.00   clock network delay (ideal)
                          0.00    0.00   clock reconvergence pessimism
                                  0.00 ^ _172_/CLK (sky130_fd_sc_hd__dfrtp_4)
                          0.20    0.20   library removal time
                                  0.20   data required time
-----------------------------------------------------------------------------
                                  0.20   data required time
                                -20.39   data arrival time
-----------------------------------------------------------------------------
                                 20.19   slack (MET)


Startpoint: _179_ (rising edge-triggered flip-flop clocked by clock)
Endpoint: _179_ (rising edge-triggered flip-flop clocked by clock)
Path Group: clock
Path Type: min

Fanout     Cap    Slew   Delay    Time   Description
-----------------------------------------------------------------------------
                  0.00    0.00    0.00   clock clock (rise edge)
                          0.00    0.00   clock network delay (ideal)
                  0.00    0.00    0.00 ^ _179_/CLK (sky130_fd_sc_hd__dfrtp_1)
                  0.06    0.21    0.21 ^ _179_/Q (sky130_fd_sc_hd__dfrtp_1)
     2    0.01                           M0_Controller.m0 (net)
                  0.06    0.00    0.21 ^ _097_/A1 (sky130_fd_sc_hd__a22o_1)
                  0.03    0.07    0.28 ^ _097_/X (sky130_fd_sc_hd__a22o_1)
     1    0.00                           _025_ (net)
                  0.03    0.00    0.28 ^ _179_/D (sky130_fd_sc_hd__dfrtp_1)
                                  0.28   data arrival time

                  0.00    0.00    0.00   clock clock (rise edge)
                          0.00    0.00   clock network delay (ideal)
                          0.00    0.00   clock reconvergence pessimism
                                  0.00 ^ _179_/CLK (sky130_fd_sc_hd__dfrtp_1)
                         -0.02   -0.02   library hold time
                                 -0.02   data required time
-----------------------------------------------------------------------------
                                 -0.02   data required time
                                 -0.28   data arrival time
-----------------------------------------------------------------------------
                                  0.31   slack (MET)


Startpoint: reset (input port clocked by clock)
Endpoint: _178_ (recovery check against rising-edge clock clock)
Path Group: **async_default**
Path Type: max

Fanout     Cap    Slew   Delay    Time   Description
-----------------------------------------------------------------------------
                  0.00    0.00    0.00   clock clock (rise edge)
                          0.00    0.00   clock network delay (ideal)
                         20.00   20.00 v input external delay
                  0.01    0.00   20.00 v reset (in)
     1    0.00                           reset (net)
                  0.01    0.00   20.00 v input2/A (sky130_fd_sc_hd__buf_1)
                  0.18    0.24   20.24 v input2/X (sky130_fd_sc_hd__buf_1)
     1    0.02                           net2 (net)
                  0.18    0.00   20.24 v _088_/A (sky130_fd_sc_hd__inv_2)
                  0.13    0.18   20.42 ^ _088_/Y (sky130_fd_sc_hd__inv_2)
     2    0.01                           _058_ (net)
                  0.13    0.00   20.42 ^ _089_/A (sky130_fd_sc_hd__dlymetal6s2s_1)
                  0.42    0.44   20.86 ^ _089_/X (sky130_fd_sc_hd__dlymetal6s2s_1)
     5    0.03                           _059_ (net)
                  0.42    0.00   20.86 ^ _090_/A (sky130_fd_sc_hd__dlymetal6s2s_1)
                  0.30    0.46   21.32 ^ _090_/X (sky130_fd_sc_hd__dlymetal6s2s_1)
     5    0.02                           _015_ (net)
                  0.30    0.00   21.32 ^ _098_/A (sky130_fd_sc_hd__clkbuf_1)
                  0.12    0.27   21.60 ^ _098_/X (sky130_fd_sc_hd__clkbuf_1)
     1    0.01                           _011_ (net)
                  0.12    0.00   21.60 ^ _178_/RESET_B (sky130_fd_sc_hd__dfrtp_2)
                                 21.60   data arrival time

                  0.00  100.00  100.00   clock clock (rise edge)
                          0.00  100.00   clock network delay (ideal)
                          0.00  100.00   clock reconvergence pessimism
                                100.00 ^ _178_/CLK (sky130_fd_sc_hd__dfrtp_2)
                          0.40  100.40   library recovery time
                                100.40   data required time
-----------------------------------------------------------------------------
                                100.40   data required time
                                -21.60   data arrival time
-----------------------------------------------------------------------------
                                 78.80   slack (MET)


Startpoint: reset (input port clocked by clock)
Endpoint: Ready (output port clocked by clock)
Path Group: clock
Path Type: max

Fanout     Cap    Slew   Delay    Time   Description
-----------------------------------------------------------------------------
                  0.00    0.00    0.00   clock clock (rise edge)
                          0.00    0.00   clock network delay (ideal)
                         20.00   20.00 ^ input external delay
                  0.03    0.01   20.01 ^ reset (in)
     1    0.00                           reset (net)
                  0.03    0.00   20.01 ^ input2/A (sky130_fd_sc_hd__buf_1)
                  0.30    0.30   20.30 ^ input2/X (sky130_fd_sc_hd__buf_1)
     1    0.02                           net2 (net)
                  0.30    0.00   20.30 ^ _088_/A (sky130_fd_sc_hd__inv_2)
                  0.10    0.18   20.49 v _088_/Y (sky130_fd_sc_hd__inv_2)
     2    0.01                           _058_ (net)
                  0.10    0.00   20.49 v _089_/A (sky130_fd_sc_hd__dlymetal6s2s_1)
                  0.26    0.45   20.94 v _089_/X (sky130_fd_sc_hd__dlymetal6s2s_1)
     5    0.03                           _059_ (net)
                  0.26    0.00   20.94 v _158_/A1 (sky130_fd_sc_hd__o21a_1)
                  0.17    0.51   21.45 v _158_/X (sky130_fd_sc_hd__o21a_1)
     1    0.01                           net8 (net)
                  0.17    0.00   21.45 v output8/A (sky130_fd_sc_hd__clkbuf_2)
                  0.14    0.30   21.75 v output8/X (sky130_fd_sc_hd__clkbuf_2)
     1    0.02                           Ready (net)
                  0.15    0.01   21.77 v Ready (out)
                                 21.77   data arrival time

                  0.00  100.00  100.00   clock clock (rise edge)
                          0.00  100.00   clock network delay (ideal)
                          0.00  100.00   clock reconvergence pessimism
                        -20.00   80.00   output external delay
                                 80.00   data required time
-----------------------------------------------------------------------------
                                 80.00   data required time
                                -21.77   data arrival time
-----------------------------------------------------------------------------
                                 58.23   slack (MET)


