min_max_report
Startpoint: reset (input port clocked by clock)
Endpoint: _172_ (removal check against rising-edge clock clock)
Path Group: **async_default**
Path Type: min

Fanout     Cap    Slew   Delay    Time   Description
-----------------------------------------------------------------------------
                  0.00    0.00    0.00   clock clock (rise edge)
                          0.00    0.00   clock network delay (ideal)
                         20.00   20.00 v input external delay
                  0.00    0.00   20.00 v reset (in)
     1    0.00                           reset (net)
                  0.00    0.00   20.00 v input2/A (sky130_fd_sc_hd__buf_1)
                  0.02    0.05   20.05 v input2/X (sky130_fd_sc_hd__buf_1)
     1    0.00                           net2 (net)
                  0.02    0.00   20.05 v _088_/A (sky130_fd_sc_hd__inv_2)
                  0.02    0.03   20.08 ^ _088_/Y (sky130_fd_sc_hd__inv_2)
     2    0.00                           _058_ (net)
                  0.02    0.00   20.08 ^ _145_/A (sky130_fd_sc_hd__dlymetal6s2s_1)
                  0.11    0.10   20.18 ^ _145_/X (sky130_fd_sc_hd__dlymetal6s2s_1)
     5    0.01                           _043_ (net)
                  0.11    0.00   20.18 ^ _146_/A (sky130_fd_sc_hd__clkbuf_1)
                  0.04    0.06   20.25 ^ _146_/X (sky130_fd_sc_hd__clkbuf_1)
     1    0.00                           _005_ (net)
                  0.04    0.00   20.25 ^ _172_/RESET_B (sky130_fd_sc_hd__dfrtp_4)
                                 20.25   data arrival time

                  0.00    0.00    0.00   clock clock (rise edge)
                          0.00    0.00   clock network delay (ideal)
                          0.00    0.00   clock reconvergence pessimism
                                  0.00 ^ _172_/CLK (sky130_fd_sc_hd__dfrtp_4)
                          0.20    0.20   library removal time
                                  0.20   data required time
-----------------------------------------------------------------------------
                                  0.20   data required time
                                -20.25   data arrival time
-----------------------------------------------------------------------------
                                 20.05   slack (MET)


Startpoint: _178_ (rising edge-triggered flip-flop clocked by clock)
Endpoint: _178_ (rising edge-triggered flip-flop clocked by clock)
Path Group: clock
Path Type: min

Fanout     Cap    Slew   Delay    Time   Description
-----------------------------------------------------------------------------
                  0.00    0.00    0.00   clock clock (rise edge)
                          0.00    0.00   clock network delay (ideal)
                  0.00    0.00    0.00 ^ _178_/CLK (sky130_fd_sc_hd__dfrtp_2)
                  0.04    0.21    0.21 ^ _178_/Q (sky130_fd_sc_hd__dfrtp_2)
     3    0.01                           net16 (net)
                  0.04    0.00    0.21 ^ _121_/A1 (sky130_fd_sc_hd__a31oi_1)
                  0.02    0.04    0.25 v _121_/Y (sky130_fd_sc_hd__a31oi_1)
     1    0.00                           _024_ (net)
                  0.02    0.00    0.25 v _178_/D (sky130_fd_sc_hd__dfrtp_2)
                                  0.25   data arrival time

                  0.00    0.00    0.00   clock clock (rise edge)
                          0.00    0.00   clock network delay (ideal)
                          0.00    0.00   clock reconvergence pessimism
                                  0.00 ^ _178_/CLK (sky130_fd_sc_hd__dfrtp_2)
                         -0.03   -0.03   library hold time
                                 -0.03   data required time
-----------------------------------------------------------------------------
                                 -0.03   data required time
                                 -0.25   data arrival time
-----------------------------------------------------------------------------
                                  0.27   slack (MET)


Startpoint: reset (input port clocked by clock)
Endpoint: _178_ (recovery check against rising-edge clock clock)
Path Group: **async_default**
Path Type: max

Fanout     Cap    Slew   Delay    Time   Description
-----------------------------------------------------------------------------
                  0.00    0.00    0.00   clock clock (rise edge)
                          0.00    0.00   clock network delay (ideal)
                         20.00   20.00 v input external delay
                  0.01    0.00   20.00 v reset (in)
     1    0.00                           reset (net)
                  0.01    0.00   20.00 v input2/A (sky130_fd_sc_hd__buf_1)
                  0.07    0.15   20.15 v input2/X (sky130_fd_sc_hd__buf_1)
     1    0.00                           net2 (net)
                  0.07    0.00   20.15 v _088_/A (sky130_fd_sc_hd__inv_2)
                  0.04    0.07   20.22 ^ _088_/Y (sky130_fd_sc_hd__inv_2)
     2    0.00                           _058_ (net)
                  0.04    0.00   20.22 ^ _089_/A (sky130_fd_sc_hd__dlymetal6s2s_1)
                  0.20    0.24   20.45 ^ _089_/X (sky130_fd_sc_hd__dlymetal6s2s_1)
     5    0.01                           _059_ (net)
                  0.20    0.00   20.45 ^ _090_/A (sky130_fd_sc_hd__dlymetal6s2s_1)
                  0.22    0.32   20.78 ^ _090_/X (sky130_fd_sc_hd__dlymetal6s2s_1)
     5    0.01                           _015_ (net)
                  0.22    0.00   20.78 ^ _098_/A (sky130_fd_sc_hd__clkbuf_1)
                  0.08    0.22   21.00 ^ _098_/X (sky130_fd_sc_hd__clkbuf_1)
     1    0.00                           _011_ (net)
                  0.08    0.00   21.00 ^ _178_/RESET_B (sky130_fd_sc_hd__dfrtp_2)
                                 21.00   data arrival time

                  0.00  100.00  100.00   clock clock (rise edge)
                          0.00  100.00   clock network delay (ideal)
                          0.00  100.00   clock reconvergence pessimism
                                100.00 ^ _178_/CLK (sky130_fd_sc_hd__dfrtp_2)
                          0.42  100.42   library recovery time
                                100.42   data required time
-----------------------------------------------------------------------------
                                100.42   data required time
                                -21.00   data arrival time
-----------------------------------------------------------------------------
                                 79.42   slack (MET)


Startpoint: reset (input port clocked by clock)
Endpoint: Ready (output port clocked by clock)
Path Group: clock
Path Type: max

Fanout     Cap    Slew   Delay    Time   Description
-----------------------------------------------------------------------------
                  0.00    0.00    0.00   clock clock (rise edge)
                          0.00    0.00   clock network delay (ideal)
                         20.00   20.00 ^ input external delay
                  0.02    0.00   20.00 ^ reset (in)
     1    0.00                           reset (net)
                  0.02    0.00   20.00 ^ input2/A (sky130_fd_sc_hd__buf_1)
                  0.11    0.15   20.16 ^ input2/X (sky130_fd_sc_hd__buf_1)
     1    0.00                           net2 (net)
                  0.11    0.00   20.16 ^ _088_/A (sky130_fd_sc_hd__inv_2)
                  0.03    0.07   20.22 v _088_/Y (sky130_fd_sc_hd__inv_2)
     2    0.00                           _058_ (net)
                  0.03    0.00   20.22 v _089_/A (sky130_fd_sc_hd__dlymetal6s2s_1)
                  0.13    0.32   20.54 v _089_/X (sky130_fd_sc_hd__dlymetal6s2s_1)
     5    0.01                           _059_ (net)
                  0.13    0.00   20.54 v _158_/A1 (sky130_fd_sc_hd__o21a_1)
                  0.06    0.35   20.89 v _158_/X (sky130_fd_sc_hd__o21a_1)
     1    0.00                           net8 (net)
                  0.06    0.00   20.89 v output8/A (sky130_fd_sc_hd__clkbuf_2)
                  0.13    0.25   21.14 v output8/X (sky130_fd_sc_hd__clkbuf_2)
     1    0.02                           Ready (net)
                  0.13    0.00   21.14 v Ready (out)
                                 21.14   data arrival time

                  0.00  100.00  100.00   clock clock (rise edge)
                          0.00  100.00   clock network delay (ideal)
                          0.00  100.00   clock reconvergence pessimism
                        -20.00   80.00   output external delay
                                 80.00   data required time
-----------------------------------------------------------------------------
                                 80.00   data required time
                                -21.14   data arrival time
-----------------------------------------------------------------------------
                                 58.86   slack (MET)


