OpenROAD 1 fb8ae93b6c7a5eb0e6fac83360a8a48d76c41885
This program is licensed under the BSD-3 license. See the LICENSE file for details.
Components of this program may be licensed under more restrictive licenses which must be honored.
[INFO ODB-0222] Reading LEF file: /openLANE_flow/designs/Multiplier_STG/runs/08-12_23-27/tmp/merged_unpadded.lef
[WARNING ODB-0220] WARNING (LEFPARS-2036): SOURCE statement is obsolete in version 5.6 and later.
The LEF parser will ignore this statement.
To avoid this warning in the future, remove this statement from the LEF file with version 5.6 or later. See file /openLANE_flow/designs/Multiplier_STG/runs/08-12_23-27/tmp/merged_unpadded.lef at line 68187.

[INFO ODB-0223]     Created 13 technology layers
[INFO ODB-0224]     Created 25 technology vias
[INFO ODB-0225]     Created 441 library cells
[INFO ODB-0226] Finished LEF file:  /openLANE_flow/designs/Multiplier_STG/runs/08-12_23-27/tmp/merged_unpadded.lef
[WARNING ORD-0033] -order_wires is deprecated.
[INFO ODB-0127] Reading DEF file: /openLANE_flow/designs/Multiplier_STG/runs/08-12_23-27/results/routing/20-Multiplier_STG.def
[INFO ODB-0128] Design: Multiplier_STG
[INFO ODB-0130]     Created 22 pins.
[INFO ODB-0131]     Created 3538 components and 13605 component-terminals.
[INFO ODB-0132]     Created 2 special nets and 13214 connections.
[INFO ODB-0133]     Created 133 nets and 391 connections.
[INFO ODB-0134] Finished DEF file: /openLANE_flow/designs/Multiplier_STG/runs/08-12_23-27/results/routing/20-Multiplier_STG.def
[INFO]: Setting output delay to: 20.0
[INFO]: Setting input delay to: 20.0
[INFO]: Setting load to: 0.01765
[INFO RCX-0431] Defined process_corner X with ext_model_index 0
[INFO RCX-0029] Defined extraction corner X
[INFO RCX-0008] extracting parasitics of Multiplier_STG ...
Notice 0: Split top of 36 T shapes.
[INFO RCX-0435] Reading extraction model file /home/MSUCAP/is.ibrahim/pdk/sky130A/libs.tech/openlane/rcx_rules.info ...
[INFO RCX-0436] RC segment generation Multiplier_STG (max_merge_res 50.0) ...
[INFO RCX-0040] Final 475 rc segments
[INFO RCX-0439] Coupling Cap extraction Multiplier_STG ...
[INFO RCX-0440] Coupling threshhold is 0.1000 fF, coupling capacitance less than 0.1000 fF will be grounded.
[INFO RCX-0043] 849 wires to be extracted
[INFO RCX-0442] 52% completion -- 449 wires have been extracted
[INFO RCX-0442] 100% completion -- 849 wires have been extracted
[INFO RCX-0045] Extract 133 nets, 605 rsegs, 605 caps, 802 ccs
[INFO RCX-0015] Finished extracting Multiplier_STG.
[INFO RCX-0016] Writing SPEF ...
[INFO RCX-0443] 133 nets finished
[INFO RCX-0017] Finished writing SPEF ...
