min_max_report
Startpoint: reset (input port clocked by clock)
Endpoint: _172_ (removal check against rising-edge clock clock)
Path Group: **async_default**
Path Type: min

Fanout     Cap    Slew   Delay    Time   Description
-----------------------------------------------------------------------------
                  0.00    0.00    0.00   clock clock (rise edge)
                          0.00    0.00   clock network delay (ideal)
                         20.00   20.00 v input external delay
                  0.01    0.00   20.00 v reset (in)
     1    0.00                           reset (net)
                  0.01    0.00   20.00 v input2/A (sky130_fd_sc_hd__buf_1)
                  0.06    0.10   20.10 v input2/X (sky130_fd_sc_hd__buf_1)
     1    0.01                           net2 (net)
                  0.06    0.00   20.10 v _088_/A (sky130_fd_sc_hd__inv_2)
                  0.05    0.07   20.17 ^ _088_/Y (sky130_fd_sc_hd__inv_2)
     2    0.01                           _058_ (net)
                  0.05    0.00   20.17 ^ _145_/A (sky130_fd_sc_hd__dlymetal6s2s_1)
                  0.19    0.19   20.37 ^ _145_/X (sky130_fd_sc_hd__dlymetal6s2s_1)
     5    0.02                           _043_ (net)
                  0.19    0.00   20.37 ^ _146_/A (sky130_fd_sc_hd__clkbuf_1)
                  0.06    0.12   20.49 ^ _146_/X (sky130_fd_sc_hd__clkbuf_1)
     1    0.00                           _005_ (net)
                  0.06    0.00   20.49 ^ _172_/RESET_B (sky130_fd_sc_hd__dfrtp_4)
                                 20.49   data arrival time

                  0.00    0.00    0.00   clock clock (rise edge)
                          0.00    0.00   clock network delay (ideal)
                          0.00    0.00   clock reconvergence pessimism
                                  0.00 ^ _172_/CLK (sky130_fd_sc_hd__dfrtp_4)
                          0.31    0.31   library removal time
                                  0.31   data required time
-----------------------------------------------------------------------------
                                  0.31   data required time
                                -20.49   data arrival time
-----------------------------------------------------------------------------
                                 20.17   slack (MET)


Startpoint: _179_ (rising edge-triggered flip-flop clocked by clock)
Endpoint: _179_ (rising edge-triggered flip-flop clocked by clock)
Path Group: clock
Path Type: min

Fanout     Cap    Slew   Delay    Time   Description
-----------------------------------------------------------------------------
                  0.00    0.00    0.00   clock clock (rise edge)
                          0.00    0.00   clock network delay (ideal)
                  0.00    0.00    0.00 ^ _179_/CLK (sky130_fd_sc_hd__dfrtp_1)
                  0.08    0.32    0.32 ^ _179_/Q (sky130_fd_sc_hd__dfrtp_1)
     2    0.01                           M0_Controller.m0 (net)
                  0.08    0.00    0.32 ^ _097_/A1 (sky130_fd_sc_hd__a22o_1)
                  0.04    0.13    0.45 ^ _097_/X (sky130_fd_sc_hd__a22o_1)
     1    0.00                           _025_ (net)
                  0.04    0.00    0.45 ^ _179_/D (sky130_fd_sc_hd__dfrtp_1)
                                  0.45   data arrival time

                  0.00    0.00    0.00   clock clock (rise edge)
                          0.00    0.00   clock network delay (ideal)
                          0.00    0.00   clock reconvergence pessimism
                                  0.00 ^ _179_/CLK (sky130_fd_sc_hd__dfrtp_1)
                         -0.04   -0.04   library hold time
                                 -0.04   data required time
-----------------------------------------------------------------------------
                                 -0.04   data required time
                                 -0.45   data arrival time
-----------------------------------------------------------------------------
                                  0.49   slack (MET)


Startpoint: reset (input port clocked by clock)
Endpoint: _178_ (recovery check against rising-edge clock clock)
Path Group: **async_default**
Path Type: max

Fanout     Cap    Slew   Delay    Time   Description
-----------------------------------------------------------------------------
                  0.00    0.00    0.00   clock clock (rise edge)
                          0.00    0.00   clock network delay (ideal)
                         20.00   20.00 v input external delay
                  0.01    0.00   20.00 v reset (in)
     1    0.00                           reset (net)
                  0.01    0.00   20.00 v input2/A (sky130_fd_sc_hd__buf_1)
                  0.06    0.10   20.10 v input2/X (sky130_fd_sc_hd__buf_1)
     1    0.01                           net2 (net)
                  0.06    0.00   20.10 v _088_/A (sky130_fd_sc_hd__inv_2)
                  0.05    0.07   20.17 ^ _088_/Y (sky130_fd_sc_hd__inv_2)
     2    0.01                           _058_ (net)
                  0.05    0.00   20.17 ^ _089_/A (sky130_fd_sc_hd__dlymetal6s2s_1)
                  0.21    0.21   20.38 ^ _089_/X (sky130_fd_sc_hd__dlymetal6s2s_1)
     5    0.02                           _059_ (net)
                  0.21    0.00   20.39 ^ _090_/A (sky130_fd_sc_hd__dlymetal6s2s_1)
                  0.17    0.22   20.61 ^ _090_/X (sky130_fd_sc_hd__dlymetal6s2s_1)
     5    0.02                           _015_ (net)
                  0.17    0.00   20.61 ^ _098_/A (sky130_fd_sc_hd__clkbuf_1)
                  0.06    0.12   20.73 ^ _098_/X (sky130_fd_sc_hd__clkbuf_1)
     1    0.00                           _011_ (net)
                  0.06    0.00   20.73 ^ _178_/RESET_B (sky130_fd_sc_hd__dfrtp_2)
                                 20.73   data arrival time

                  0.00  100.00  100.00   clock clock (rise edge)
                          0.00  100.00   clock network delay (ideal)
                          0.00  100.00   clock reconvergence pessimism
                                100.00 ^ _178_/CLK (sky130_fd_sc_hd__dfrtp_2)
                          0.20  100.20   library recovery time
                                100.20   data required time
-----------------------------------------------------------------------------
                                100.20   data required time
                                -20.73   data arrival time
-----------------------------------------------------------------------------
                                 79.47   slack (MET)


Startpoint: reset (input port clocked by clock)
Endpoint: Ready (output port clocked by clock)
Path Group: clock
Path Type: max

Fanout     Cap    Slew   Delay    Time   Description
-----------------------------------------------------------------------------
                  0.00    0.00    0.00   clock clock (rise edge)
                          0.00    0.00   clock network delay (ideal)
                         20.00   20.00 ^ input external delay
                  0.02    0.00   20.00 ^ reset (in)
     1    0.00                           reset (net)
                  0.02    0.00   20.00 ^ input2/A (sky130_fd_sc_hd__buf_1)
                  0.12    0.13   20.13 ^ input2/X (sky130_fd_sc_hd__buf_1)
     1    0.01                           net2 (net)
                  0.12    0.00   20.13 ^ _088_/A (sky130_fd_sc_hd__inv_2)
                  0.04    0.06   20.19 v _088_/Y (sky130_fd_sc_hd__inv_2)
     2    0.01                           _058_ (net)
                  0.04    0.00   20.19 v _089_/A (sky130_fd_sc_hd__dlymetal6s2s_1)
                  0.11    0.19   20.38 v _089_/X (sky130_fd_sc_hd__dlymetal6s2s_1)
     5    0.02                           _059_ (net)
                  0.11    0.00   20.38 v _158_/A1 (sky130_fd_sc_hd__o21a_1)
                  0.08    0.25   20.63 v _158_/X (sky130_fd_sc_hd__o21a_1)
     1    0.01                           net8 (net)
                  0.08    0.00   20.63 v output8/A (sky130_fd_sc_hd__clkbuf_2)
                  0.08    0.16   20.80 v output8/X (sky130_fd_sc_hd__clkbuf_2)
     1    0.02                           Ready (net)
                  0.08    0.00   20.80 v Ready (out)
                                 20.80   data arrival time

                  0.00  100.00  100.00   clock clock (rise edge)
                          0.00  100.00   clock network delay (ideal)
                          0.00  100.00   clock reconvergence pessimism
                        -20.00   80.00   output external delay
                                 80.00   data required time
-----------------------------------------------------------------------------
                                 80.00   data required time
                                -20.80   data arrival time
-----------------------------------------------------------------------------
                                 59.20   slack (MET)


