[INFO]: Current run directory is /openLANE_flow/designs/Multiplier_RR/runs/07-12_19-17
[INFO]: Preparing LEF Files
[INFO]: Extracting the number of available metal layers from /home/MSUCAP/is.ibrahim/pdk/sky130A/libs.ref/sky130_fd_sc_hd/techlef/sky130_fd_sc_hd.tlef
[INFO]: The number of available metal layers is 6
[INFO]: The available metal layers are li1 met1 met2 met3 met4 met5
[INFO]: Merging LEF Files...
[INFO]: Trimming Liberty...
[INFO]: Generating Exclude List...
[INFO]: Storing configs into config.tcl ...
[INFO]: Preparation complete
[INFO]: Running Synthesis...
[INFO]: current step index: 1
[INFO]: Changing netlist from 0 to /openLANE_flow/designs/Multiplier_RR/runs/07-12_19-17/results/synthesis/Multiplier_RR.synthesis.v
[INFO]: Running Static Timing Analysis...
[INFO]: current step index: 2
[INFO]: Synthesis was successful
[INFO]: Running Floorplanning...
[INFO]: Running Initial Floorplanning...
[INFO]: current step index: 3
[INFO]: Core area width: 50.599999999999994
[INFO]: Core area height: 48.96
[WARNING]: Current core area is too small for a power grid
[WARNING]: !!! THE POWER GRID WILL BE MINIMIZED. !!!
[INFO]: Final Vertical PDN Offset: 8.433333333333332
[INFO]: Final Horizontal PDN Offset: 8.16
[INFO]: Final Vertical PDN Pitch: 16.866666666666664
[INFO]: Final Horizontal PDN Pitch: 16.32
[INFO]: Changing layout from 0 to /openLANE_flow/designs/Multiplier_RR/runs/07-12_19-17/tmp/floorplan/3-verilog2def_openroad.def
[INFO]: Running IO Placement...
[INFO]: current step index: 4
[INFO]: Changing layout from /openLANE_flow/designs/Multiplier_RR/runs/07-12_19-17/tmp/floorplan/3-verilog2def_openroad.def to /openLANE_flow/designs/Multiplier_RR/runs/07-12_19-17/tmp/floorplan/4-ioPlacer.def
[INFO]: Running Tap/Decap Insertion...
[INFO]: current step index: 5
[INFO]: Changing layout from /openLANE_flow/designs/Multiplier_RR/runs/07-12_19-17/tmp/floorplan/4-ioPlacer.def to /openLANE_flow/designs/Multiplier_RR/runs/07-12_19-17/results/floorplan/Multiplier_RR.floorplan.def
[INFO]: Power planning the following nets
[INFO]: Power: VPWR
[INFO]: Ground: VGND
[INFO]: Generating PDN...
[INFO]: current step index: 6
[INFO]: PDN generation was successful.
[INFO]: Changing layout from /openLANE_flow/designs/Multiplier_RR/runs/07-12_19-17/results/floorplan/Multiplier_RR.floorplan.def to /openLANE_flow/designs/Multiplier_RR/runs/07-12_19-17/tmp/floorplan/6-pdn.def
[INFO]: Running Placement...
[INFO]: Running Global Placement...
[INFO]: current step index: 7
[ERROR]: during executing: "openroad -exit /openLANE_flow/scripts/openroad/or_replace.tcl |& tee >&@stdout /openLANE_flow/designs/Multiplier_RR/runs/07-12_19-17/logs/placement/7-replace.log"
[ERROR]: Exit code: 1
[ERROR]: Last 10 lines:
child process exited abnormally

[ERROR]: Please check openroad  log file
[ERROR]: Dumping to /openLANE_flow/designs/Multiplier_RR/runs/07-12_19-17/error.log
[INFO]: Calculating Runtime From the Start...
[INFO]: flow failed for Multiplier_RR/07-12_19-17 in 0h0m17s
[INFO]: Generating Final Summary Report...
[ERROR]: during executing: "openroad -python /openLANE_flow/generate_reports.py -d /openLANE_flow/designs/Multiplier_RR -dn Multiplier_RR -t 07-12_19-17 -o /openLANE_flow/designs/Multiplier_RR/runs/07-12_19-17/reports/final_summary_report.csv -m /openLANE_flow/designs/Multiplier_RR/runs/07-12_19-17/reports/manufacturability_report.rpt -rs /openLANE_flow/designs/Multiplier_RR/runs/07-12_19-17/reports/runtime_summary_report.rpt -r /openLANE_flow/designs/Multiplier_RR/runs/07-12_19-17"
[ERROR]: Exit code: 1
[ERROR]: Last 10 lines:
sed: can't read /openLANE_flow/designs/Multiplier_RR/runs/07-12_19-17/logs/routing/fastroute.log: No such file or directory
sed: can't read /openLANE_flow/designs/Multiplier_RR/runs/07-12_19-17/logs/routing/fastroute.log: No such file or directory
Traceback (most recent call last):
  File "/openLANE_flow/generate_reports.py", line 61, in <module>
    report = Report(design, tag, design_name, params, run_path).get_report()
  File "/openLANE_flow/scripts/report/report.py", line 133, in get_report
    self.formatted_report = self.format_report()
  File "/openLANE_flow/scripts/report/report.py", line 120, in format_report
    splited_report[dieareaIdx] = str(float(splited_report[dieareaIdx])/1000000)
ValueError: could not convert string to float: 'E404'

[ERROR]: Please check openroad  log file
[ERROR]: Dumping to /openLANE_flow/designs/Multiplier_RR/runs/07-12_19-17/error.log
