min_max_report
Startpoint: reset (input port clocked by clock)
Endpoint: _171_ (removal check against rising-edge clock clock)
Path Group: **async_default**
Path Type: min

Fanout     Cap    Slew   Delay    Time   Description
-----------------------------------------------------------------------------
                          0.00    0.00   clock clock (rise edge)
                          0.00    0.00   clock network delay (propagated)
                         20.00   20.00 v input external delay
                  0.00    0.00   20.00 v reset (in)
     1    0.00                           reset (net)
                  0.00    0.00   20.00 v input2/A (sky130_fd_sc_hd__buf_1)
                  0.05    0.07   20.07 v input2/X (sky130_fd_sc_hd__buf_1)
     1    0.01                           net2 (net)
                  0.05    0.00   20.07 v _088_/A (sky130_fd_sc_hd__inv_2)
                  0.04    0.05   20.12 ^ _088_/Y (sky130_fd_sc_hd__inv_2)
     2    0.01                           _058_ (net)
                  0.04    0.00   20.13 ^ _145_/A (sky130_fd_sc_hd__dlymetal6s2s_1)
                  0.16    0.15   20.27 ^ _145_/X (sky130_fd_sc_hd__dlymetal6s2s_1)
     5    0.02                           _043_ (net)
                  0.16    0.01   20.28 ^ _150_/A (sky130_fd_sc_hd__clkbuf_1)
                  0.04    0.07   20.35 ^ _150_/X (sky130_fd_sc_hd__clkbuf_1)
     1    0.00                           _004_ (net)
                  0.04    0.00   20.35 ^ _171_/RESET_B (sky130_fd_sc_hd__dfrtp_1)
                                 20.35   data arrival time

                          0.00    0.00   clock clock (rise edge)
                          0.49    0.49   clock network delay (propagated)
                          0.00    0.49   clock reconvergence pessimism
                                  0.49 ^ _171_/CLK (sky130_fd_sc_hd__dfrtp_1)
                          0.21    0.70   library removal time
                                  0.70   data required time
-----------------------------------------------------------------------------
                                  0.70   data required time
                                -20.35   data arrival time
-----------------------------------------------------------------------------
                                 19.65   slack (MET)


Startpoint: _178_ (rising edge-triggered flip-flop clocked by clock)
Endpoint: _178_ (rising edge-triggered flip-flop clocked by clock)
Path Group: clock
Path Type: min

Fanout     Cap    Slew   Delay    Time   Description
-----------------------------------------------------------------------------
                          0.00    0.00   clock clock (rise edge)
                          0.20    0.20   clock network delay (propagated)
                  0.04    0.00    0.20 ^ _178_/CLK (sky130_fd_sc_hd__dfrtp_2)
                  0.07    0.25    0.45 ^ _178_/Q (sky130_fd_sc_hd__dfrtp_2)
     3    0.02                           net16 (net)
                  0.07    0.01    0.45 ^ _121_/A1 (sky130_fd_sc_hd__a31oi_1)
                  0.02    0.04    0.49 v _121_/Y (sky130_fd_sc_hd__a31oi_1)
     1    0.00                           _024_ (net)
                  0.02    0.00    0.50 v _178_/D (sky130_fd_sc_hd__dfrtp_2)
                                  0.50   data arrival time

                          0.00    0.00   clock clock (rise edge)
                          0.49    0.49   clock network delay (propagated)
                         -0.29    0.20   clock reconvergence pessimism
                                  0.20 ^ _178_/CLK (sky130_fd_sc_hd__dfrtp_2)
                         -0.02    0.18   library hold time
                                  0.18   data required time
-----------------------------------------------------------------------------
                                  0.18   data required time
                                 -0.50   data arrival time
-----------------------------------------------------------------------------
                                  0.31   slack (MET)


Startpoint: reset (input port clocked by clock)
Endpoint: _178_ (recovery check against rising-edge clock clock)
Path Group: **async_default**
Path Type: max

Fanout     Cap    Slew   Delay    Time   Description
-----------------------------------------------------------------------------
                          0.00    0.00   clock clock (rise edge)
                          0.00    0.00   clock network delay (propagated)
                         20.00   20.00 v input external delay
                  0.01    0.00   20.00 v reset (in)
     1    0.00                           reset (net)
                  0.01    0.00   20.00 v input2/A (sky130_fd_sc_hd__buf_1)
                  0.13    0.20   20.20 v input2/X (sky130_fd_sc_hd__buf_1)
     1    0.01                           net2 (net)
                  0.13    0.01   20.21 v _088_/A (sky130_fd_sc_hd__inv_2)
                  0.09    0.13   20.33 ^ _088_/Y (sky130_fd_sc_hd__inv_2)
     2    0.01                           _058_ (net)
                  0.09    0.00   20.34 ^ _089_/A (sky130_fd_sc_hd__dlymetal6s2s_1)
                  0.33    0.35   20.69 ^ _089_/X (sky130_fd_sc_hd__dlymetal6s2s_1)
     5    0.02                           _059_ (net)
                  0.33    0.01   20.70 ^ _090_/A (sky130_fd_sc_hd__dlymetal6s2s_1)
                  0.28    0.42   21.11 ^ _090_/X (sky130_fd_sc_hd__dlymetal6s2s_1)
     5    0.02                           _015_ (net)
                  0.28    0.00   21.12 ^ _098_/A (sky130_fd_sc_hd__clkbuf_1)
                  0.11    0.26   21.38 ^ _098_/X (sky130_fd_sc_hd__clkbuf_1)
     1    0.01                           _011_ (net)
                  0.11    0.00   21.38 ^ _178_/RESET_B (sky130_fd_sc_hd__dfrtp_2)
                                 21.38   data arrival time

                        100.00  100.00   clock clock (rise edge)
                          0.20  100.20   clock network delay (propagated)
                          0.00  100.20   clock reconvergence pessimism
                                100.20 ^ _178_/CLK (sky130_fd_sc_hd__dfrtp_2)
                          0.42  100.62   library recovery time
                                100.62   data required time
-----------------------------------------------------------------------------
                                100.62   data required time
                                -21.38   data arrival time
-----------------------------------------------------------------------------
                                 79.24   slack (MET)


Startpoint: reset (input port clocked by clock)
Endpoint: Ready (output port clocked by clock)
Path Group: clock
Path Type: max

Fanout     Cap    Slew   Delay    Time   Description
-----------------------------------------------------------------------------
                          0.00    0.00   clock clock (rise edge)
                          0.00    0.00   clock network delay (propagated)
                         20.00   20.00 ^ input external delay
                  0.03    0.01   20.01 ^ reset (in)
     1    0.00                           reset (net)
                  0.03    0.00   20.01 ^ input2/A (sky130_fd_sc_hd__buf_1)
                  0.21    0.23   20.24 ^ input2/X (sky130_fd_sc_hd__buf_1)
     1    0.01                           net2 (net)
                  0.21    0.01   20.25 ^ _088_/A (sky130_fd_sc_hd__inv_2)
                  0.07    0.13   20.38 v _088_/Y (sky130_fd_sc_hd__inv_2)
     2    0.01                           _058_ (net)
                  0.07    0.00   20.38 v _089_/A (sky130_fd_sc_hd__dlymetal6s2s_1)
                  0.20    0.39   20.77 v _089_/X (sky130_fd_sc_hd__dlymetal6s2s_1)
     5    0.02                           _059_ (net)
                  0.20    0.01   20.78 v _158_/A1 (sky130_fd_sc_hd__o21a_1)
                  0.15    0.47   21.25 v _158_/X (sky130_fd_sc_hd__o21a_1)
     1    0.01                           net8 (net)
                  0.15    0.00   21.26 v output8/A (sky130_fd_sc_hd__clkbuf_2)
                  0.16    0.30   21.56 v output8/X (sky130_fd_sc_hd__clkbuf_2)
     1    0.02                           Ready (net)
                  0.16    0.01   21.58 v Ready (out)
                                 21.58   data arrival time

                        100.00  100.00   clock clock (rise edge)
                          0.00  100.00   clock network delay (propagated)
                          0.00  100.00   clock reconvergence pessimism
                        -20.00   80.00   output external delay
                                 80.00   data required time
-----------------------------------------------------------------------------
                                 80.00   data required time
                                -21.58   data arrival time
-----------------------------------------------------------------------------
                                 58.42   slack (MET)


