OpenROAD 1 fb8ae93b6c7a5eb0e6fac83360a8a48d76c41885
This program is licensed under the BSD-3 license. See the LICENSE file for details.
Components of this program may be licensed under more restrictive licenses which must be honored.
[INFO ODB-0222] Reading LEF file: /openLANE_flow/designs/Multiplier_RR/runs/08-12_17-25/tmp/merged_unpadded.lef
[WARNING ODB-0220] WARNING (LEFPARS-2036): SOURCE statement is obsolete in version 5.6 and later.
The LEF parser will ignore this statement.
To avoid this warning in the future, remove this statement from the LEF file with version 5.6 or later. See file /openLANE_flow/designs/Multiplier_RR/runs/08-12_17-25/tmp/merged_unpadded.lef at line 68187.

[INFO ODB-0223]     Created 13 technology layers
[INFO ODB-0224]     Created 25 technology vias
[INFO ODB-0225]     Created 441 library cells
[INFO ODB-0226] Finished LEF file:  /openLANE_flow/designs/Multiplier_RR/runs/08-12_17-25/tmp/merged_unpadded.lef
[INFO ODB-0127] Reading DEF file: /openLANE_flow/designs/Multiplier_RR/runs/08-12_17-25/results/placement/Multiplier_RR.placement.def
[INFO ODB-0128] Design: Multiplier_RR
[INFO ODB-0130]     Created 22 pins.
[INFO ODB-0131]     Created 750 components and 2557 component-terminals.
[INFO ODB-0132]     Created 2 special nets and 2062 connections.
[INFO ODB-0133]     Created 162 nets and 495 connections.
[INFO ODB-0134] Finished DEF file: /openLANE_flow/designs/Multiplier_RR/runs/08-12_17-25/results/placement/Multiplier_RR.placement.def
[WARNING STA-0337] port 'clk' not found.
[INFO]: Setting output delay to: 2.0
[INFO]: Setting input delay to: 2.0
[WARNING STA-0337] port 'clk' not found.
[INFO]: Setting load to: 0.01765
[INFO]: Configuring cts characterization...
[INFO]: Performing clock tree synthesis...
[INFO]: Looking for the following net(s): clk
[INFO]: Running Clock Tree Synthesis...
[ERROR CTS-0056] Error when finding -clk_nets in DB.
Error: or_cts.tcl, 55 CTS-0056
